<?xml version="1.0" encoding="UTF-8"?>
<testsuites>
  <testsuite name="" tests="669" assertions="8590" errors="5" warnings="0" failures="5" skipped="0" time="68.930748">
    <testsuite name="Unit" tests="151" assertions="339" errors="4" warnings="0" failures="0" skipped="0" time="10.547548">
      <testsuite name="Tests\Unit\CI\AccessToken\GithubAppInstallationAccessTokenRepositoryTest" file="/php/tests/Unit/CI/AccessToken/GithubAppInstallationAccessTokenRepositoryTest.php" tests="3" assertions="12" errors="1" warnings="0" failures="0" skipped="0" time="0.276433">
        <testcase name="test_it_can_get_access_token" class="Tests\Unit\CI\AccessToken\GithubAppInstallationAccessTokenRepositoryTest" classname="Tests.Unit.CI.AccessToken.GithubAppInstallationAccessTokenRepositoryTest" file="/php/tests/Unit/CI/AccessToken/GithubAppInstallationAccessTokenRepositoryTest.php" line="17" assertions="0" time="0.161128">
          <error type="TypeError">Tests\Unit\CI\AccessToken\GithubAppInstallationAccessTokenRepositoryTest::test_it_can_get_access_token
TypeError: Argument 1 passed to App\CI\AccessToken\GithubAppInstallationAccessTokenRepository::__construct() must be an instance of App\Models\GithubAppInstallation, null given, called in /php/tests/Unit/CI/AccessToken/GithubAppInstallationAccessTokenRepositoryTest.php on line 23

/php/app/CI/AccessToken/GithubAppInstallationAccessTokenRepository.php:21
/php/tests/Unit/CI/AccessToken/GithubAppInstallationAccessTokenRepositoryTest.php:23</error>
        </testcase>
        <testcase name="test_it_can_get_access_token_when_token_expire" class="Tests\Unit\CI\AccessToken\GithubAppInstallationAccessTokenRepositoryTest" classname="Tests.Unit.CI.AccessToken.GithubAppInstallationAccessTokenRepositoryTest" file="/php/tests/Unit/CI/AccessToken/GithubAppInstallationAccessTokenRepositoryTest.php" line="34" assertions="6" time="0.059156"/>
        <testcase name="test_it_can_get_access_token_when_token_has_ten_minutes_left_before_expire" class="Tests\Unit\CI\AccessToken\GithubAppInstallationAccessTokenRepositoryTest" classname="Tests.Unit.CI.AccessToken.GithubAppInstallationAccessTokenRepositoryTest" file="/php/tests/Unit/CI/AccessToken/GithubAppInstallationAccessTokenRepositoryTest.php" line="60" assertions="6" time="0.056149"/>
      </testsuite>
      <testsuite name="Tests\Unit\CI\Coverage\CloverTest" file="/php/tests/Unit/CI/Coverage/CloverTest.php" tests="2" assertions="1" errors="1" warnings="0" failures="0" skipped="0" time="0.085876">
        <testcase name="test_it_parser_clover" class="Tests\Unit\CI\Coverage\CloverTest" classname="Tests.Unit.CI.Coverage.CloverTest" file="/php/tests/Unit/CI/Coverage/CloverTest.php" line="10" assertions="0" time="0.041953">
          <error type="TypeError">Tests\Unit\CI\Coverage\CloverTest::test_it_parser_clover
TypeError: Argument 1 passed to App\CI\Coverage\Clover::parse() must be of the type string, null given, called in /php/tests/Unit/CI/Coverage/CloverTest.php on line 14

/php/app/CI/Coverage/Clover.php:15
/php/tests/Unit/CI/Coverage/CloverTest.php:14</error>
        </testcase>
        <testcase name="test_it_parse_invalid_clover" class="Tests\Unit\CI\Coverage\CloverTest" classname="Tests.Unit.CI.Coverage.CloverTest" file="/php/tests/Unit/CI/Coverage/CloverTest.php" line="28" assertions="1" time="0.043922"/>
      </testsuite>
      <testsuite name="Tests\Unit\CI\Coverage\CoberturaTest" file="/php/tests/Unit/CI/Coverage/CoberturaTest.php" tests="2" assertions="2" errors="0" warnings="0" failures="0" skipped="0" time="0.086411">
        <testcase name="test_it_parser_cobertura" class="Tests\Unit\CI\Coverage\CoberturaTest" classname="Tests.Unit.CI.Coverage.CoberturaTest" file="/php/tests/Unit/CI/Coverage/CoberturaTest.php" line="10" assertions="1" time="0.042990"/>
        <testcase name="test_it_parse_invalid_cobertura" class="Tests\Unit\CI\Coverage\CoberturaTest" classname="Tests.Unit.CI.Coverage.CoberturaTest" file="/php/tests/Unit/CI/Coverage/CoberturaTest.php" line="28" assertions="1" time="0.043421"/>
      </testsuite>
      <testsuite name="Tests\Unit\CI\Coverage\JacocoTest" file="/php/tests/Unit/CI/Coverage/JacocoTest.php" tests="2" assertions="0" errors="2" warnings="0" failures="0" skipped="0" time="0.085026">
        <testcase name="test_it_parser_jacoco" class="Tests\Unit\CI\Coverage\JacocoTest" classname="Tests.Unit.CI.Coverage.JacocoTest" file="/php/tests/Unit/CI/Coverage/JacocoTest.php" line="10" assertions="0" time="0.042199">
          <error type="TypeError">Tests\Unit\CI\Coverage\JacocoTest::test_it_parser_jacoco
TypeError: Argument 1 passed to App\CI\Coverage\Jacoco::parse() must be of the type string, null given, called in /php/tests/Unit/CI/Coverage/JacocoTest.php on line 14

/php/app/CI/Coverage/Jacoco.php:15
/php/tests/Unit/CI/Coverage/JacocoTest.php:14</error>
        </testcase>
        <testcase name="test_it_parse_invalid_jacoco" class="Tests\Unit\CI\Coverage\JacocoTest" classname="Tests.Unit.CI.Coverage.JacocoTest" file="/php/tests/Unit/CI/Coverage/JacocoTest.php" line="28" assertions="0" time="0.042826">
          <error type="TypeError">Tests\Unit\CI\Coverage\JacocoTest::test_it_parse_invalid_jacoco
TypeError: Argument 1 passed to App\CI\Coverage\Jacoco::parse() must be of the type string, null given, called in /php/tests/Unit/CI/Coverage/JacocoTest.php on line 32

/php/app/CI/Coverage/Jacoco.php:15
/php/tests/Unit/CI/Coverage/JacocoTest.php:32</error>
        </testcase>
      </testsuite>
      <testsuite name="Tests\Unit\CI\Coverage\ParserFactoryTest" file="/php/tests/Unit/CI/Coverage/ParserFactoryTest.php" tests="2" assertions="6" errors="0" warnings="0" failures="0" skipped="0" time="0.085177">
        <testcase name="test_it_can_return_parser" class="Tests\Unit\CI\Coverage\ParserFactoryTest" classname="Tests.Unit.CI.Coverage.ParserFactoryTest" file="/php/tests/Unit/CI/Coverage/ParserFactoryTest.php" line="13" assertions="3" time="0.042471"/>
        <testcase name="test_it_throw_exception_when_parser_is_not_supported" class="Tests\Unit\CI\Coverage\ParserFactoryTest" classname="Tests.Unit.CI.Coverage.ParserFactoryTest" file="/php/tests/Unit/CI/Coverage/ParserFactoryTest.php" line="25" assertions="3" time="0.042705"/>
      </testsuite>
      <testsuite name="Tests\Unit\CI\Coverage\SimplecovTest" file="/php/tests/Unit/CI/Coverage/SimplecovTest.php" tests="2" assertions="2" errors="0" warnings="0" failures="0" skipped="0" time="0.088205">
        <testcase name="test_it_parser_simplecov" class="Tests\Unit\CI\Coverage\SimplecovTest" classname="Tests.Unit.CI.Coverage.SimplecovTest" file="/php/tests/Unit/CI/Coverage/SimplecovTest.php" line="10" assertions="1" time="0.043825"/>
        <testcase name="test_it_parse_invalid_simplecov" class="Tests\Unit\CI\Coverage\SimplecovTest" classname="Tests.Unit.CI.Coverage.SimplecovTest" file="/php/tests/Unit/CI/Coverage/SimplecovTest.php" line="28" assertions="1" time="0.044379"/>
      </testsuite>
      <testsuite name="Tests\Unit\CI\JobConfigTest" file="/php/tests/Unit/CI/JobConfigTest.php" tests="1" assertions="1" errors="0" warnings="0" failures="0" skipped="0" time="0.051944">
        <testcase name="test_it_expands_variable_from_job_config" class="Tests\Unit\CI\JobConfigTest" classname="Tests.Unit.CI.JobConfigTest" file="/php/tests/Unit/CI/JobConfigTest.php" line="14" assertions="1" time="0.051944"/>
      </testsuite>
      <testsuite name="Tests\Unit\CI\JobFilterTest" file="/php/tests/Unit/CI/JobFilterTest.php" tests="9" assertions="15" errors="0" warnings="0" failures="0" skipped="0" time="0.007560">
        <testcase name="test_it_ignores_empty_filter" class="Tests\Unit\CI\JobFilterTest" classname="Tests.Unit.CI.JobFilterTest" file="/php/tests/Unit/CI/JobFilterTest.php" line="11" assertions="1" time="0.001042"/>
        <testcase name="test_it_ignores_unknown_filter" class="Tests\Unit\CI\JobFilterTest" classname="Tests.Unit.CI.JobFilterTest" file="/php/tests/Unit/CI/JobFilterTest.php" line="30" assertions="1" time="0.000420"/>
        <testcase name="test_it_always_filter_out_job_when_required_variable_is_missing" class="Tests\Unit\CI\JobFilterTest" classname="Tests.Unit.CI.JobFilterTest" file="/php/tests/Unit/CI/JobFilterTest.php" line="49" assertions="1" time="0.000494"/>
        <testcase name="test_it_filters_jobs_by_exact_branch" class="Tests\Unit\CI\JobFilterTest" classname="Tests.Unit.CI.JobFilterTest" file="/php/tests/Unit/CI/JobFilterTest.php" line="63" assertions="2" time="0.000890"/>
        <testcase name="test_it_filters_jobs_by_branch_pattern" class="Tests\Unit\CI\JobFilterTest" classname="Tests.Unit.CI.JobFilterTest" file="/php/tests/Unit/CI/JobFilterTest.php" line="87" assertions="2" time="0.000942"/>
        <testcase name="test_it_filters_jobs_by_event" class="Tests\Unit\CI\JobFilterTest" classname="Tests.Unit.CI.JobFilterTest" file="/php/tests/Unit/CI/JobFilterTest.php" line="111" assertions="2" time="0.000853"/>
        <testcase name="test_it_filters_jobs_by_trigger" class="Tests\Unit\CI\JobFilterTest" classname="Tests.Unit.CI.JobFilterTest" file="/php/tests/Unit/CI/JobFilterTest.php" line="135" assertions="2" time="0.000774"/>
        <testcase name="test_it_filters_jobs_by_exact_commit_message" class="Tests\Unit\CI\JobFilterTest" classname="Tests.Unit.CI.JobFilterTest" file="/php/tests/Unit/CI/JobFilterTest.php" line="159" assertions="2" time="0.001184"/>
        <testcase name="test_it_filters_jobs_by_commit_message_pattern" class="Tests\Unit\CI\JobFilterTest" classname="Tests.Unit.CI.JobFilterTest" file="/php/tests/Unit/CI/JobFilterTest.php" line="183" assertions="2" time="0.000960"/>
      </testsuite>
      <testsuite name="Tests\Unit\CI\Logs\DatabaseLoggerTest" file="/php/tests/Unit/CI/Logs/DatabaseLoggerTest.php" tests="4" assertions="4" errors="0" warnings="0" failures="0" skipped="0" time="0.351582">
        <testcase name="test_it_can_create_log" class="Tests\Unit\CI\Logs\DatabaseLoggerTest" classname="Tests.Unit.CI.Logs.DatabaseLoggerTest" file="/php/tests/Unit/CI/Logs/DatabaseLoggerTest.php" line="24" assertions="1" time="0.099309"/>
        <testcase name="test_it_can_chunk_log_and_execute_callback" class="Tests\Unit\CI\Logs\DatabaseLoggerTest" classname="Tests.Unit.CI.Logs.DatabaseLoggerTest" file="/php/tests/Unit/CI/Logs/DatabaseLoggerTest.php" line="33" assertions="1" time="0.085307"/>
        <testcase name="test_it_can_chunk_log_with_default_size_and_execute_callback" class="Tests\Unit\CI\Logs\DatabaseLoggerTest" classname="Tests.Unit.CI.Logs.DatabaseLoggerTest" file="/php/tests/Unit/CI/Logs/DatabaseLoggerTest.php" line="48" assertions="1" time="0.081524"/>
        <testcase name="test_it_can_delete_log" class="Tests\Unit\CI\Logs\DatabaseLoggerTest" classname="Tests.Unit.CI.Logs.DatabaseLoggerTest" file="/php/tests/Unit/CI/Logs/DatabaseLoggerTest.php" line="62" assertions="1" time="0.085442"/>
      </testsuite>
      <testsuite name="Tests\Unit\CI\Logs\RedisLoggerTest" file="/php/tests/Unit/CI/Logs/RedisLoggerTest.php" tests="6" assertions="42" errors="0" warnings="0" failures="0" skipped="0" time="0.459488">
        <testcase name="test_it_can_append_log" class="Tests\Unit\CI\Logs\RedisLoggerTest" classname="Tests.Unit.CI.Logs.RedisLoggerTest" file="/php/tests/Unit/CI/Logs/RedisLoggerTest.php" line="30" assertions="7" time="0.075559"/>
        <testcase name="test_it_can_get_log" class="Tests\Unit\CI\Logs\RedisLoggerTest" classname="Tests.Unit.CI.Logs.RedisLoggerTest" file="/php/tests/Unit/CI/Logs/RedisLoggerTest.php" line="35" assertions="7" time="0.071321"/>
        <testcase name="test_it_can_chunk_logs" class="Tests\Unit\CI\Logs\RedisLoggerTest" classname="Tests.Unit.CI.Logs.RedisLoggerTest" file="/php/tests/Unit/CI/Logs/RedisLoggerTest.php" line="40" assertions="7" time="0.073825"/>
        <testcase name="test_it_can_read_all_logs" class="Tests\Unit\CI\Logs\RedisLoggerTest" classname="Tests.Unit.CI.Logs.RedisLoggerTest" file="/php/tests/Unit/CI/Logs/RedisLoggerTest.php" line="50" assertions="7" time="0.072366"/>
        <testcase name="test_it_can_delete_log_of_jobs" class="Tests\Unit\CI\Logs\RedisLoggerTest" classname="Tests.Unit.CI.Logs.RedisLoggerTest" file="/php/tests/Unit/CI/Logs/RedisLoggerTest.php" line="60" assertions="7" time="0.070336"/>
        <testcase name="test_it_can_delete_logs_of_many_jobs" class="Tests\Unit\CI\Logs\RedisLoggerTest" classname="Tests.Unit.CI.Logs.RedisLoggerTest" file="/php/tests/Unit/CI/Logs/RedisLoggerTest.php" line="65" assertions="7" time="0.096081"/>
      </testsuite>
      <testsuite name="Tests\Unit\CI\Logs\StorageLoggerTest" file="/php/tests/Unit/CI/Logs/StorageLoggerTest.php" tests="5" assertions="5" errors="0" warnings="0" failures="0" skipped="0" time="0.484178">
        <testcase name="test_it_can_stream_log" class="Tests\Unit\CI\Logs\StorageLoggerTest" classname="Tests.Unit.CI.Logs.StorageLoggerTest" file="/php/tests/Unit/CI/Logs/StorageLoggerTest.php" line="26" assertions="1" time="0.103781"/>
        <testcase name="test_it_return_null_if_catch_exception_when_stream_log" class="Tests\Unit\CI\Logs\StorageLoggerTest" classname="Tests.Unit.CI.Logs.StorageLoggerTest" file="/php/tests/Unit/CI/Logs/StorageLoggerTest.php" line="31" assertions="1" time="0.100771"/>
        <testcase name="test_it_can_check_if_log_exists" class="Tests\Unit\CI\Logs\StorageLoggerTest" classname="Tests.Unit.CI.Logs.StorageLoggerTest" file="/php/tests/Unit/CI/Logs/StorageLoggerTest.php" line="36" assertions="1" time="0.094232"/>
        <testcase name="test_it_can_append_log" class="Tests\Unit\CI\Logs\StorageLoggerTest" classname="Tests.Unit.CI.Logs.StorageLoggerTest" file="/php/tests/Unit/CI/Logs/StorageLoggerTest.php" line="41" assertions="1" time="0.093916"/>
        <testcase name="test_it_can_delete_log" class="Tests\Unit\CI\Logs\StorageLoggerTest" classname="Tests.Unit.CI.Logs.StorageLoggerTest" file="/php/tests/Unit/CI/Logs/StorageLoggerTest.php" line="46" assertions="1" time="0.091480"/>
      </testsuite>
      <testsuite name="Tests\Unit\CI\SunCIYamlTest" file="/php/tests/Unit/CI/SunCIYamlTest.php" tests="18" assertions="18" errors="0" warnings="0" failures="0" skipped="0" time="1.795305">
        <testcase name="test__getRaw_returns_raw_config" class="Tests\Unit\CI\SunCIYamlTest" classname="Tests.Unit.CI.SunCIYamlTest" file="/php/tests/Unit/CI/SunCIYamlTest.php" line="17" assertions="1" time="0.101019"/>
        <testcase name="test__getParsed_returns_the_parsed_yaml" class="Tests\Unit\CI\SunCIYamlTest" classname="Tests.Unit.CI.SunCIYamlTest" file="/php/tests/Unit/CI/SunCIYamlTest.php" line="25" assertions="1" time="0.083421"/>
        <testsuite name="Tests\Unit\CI\SunCIYamlTest::test__hasErrors_returns_whether_config_is_invalid" tests="2" assertions="2" errors="0" warnings="0" failures="0" skipped="0" time="0.201048">
          <testcase name="test__hasErrors_returns_whether_config_is_invalid with data set #0" class="Tests\Unit\CI\SunCIYamlTest" classname="Tests.Unit.CI.SunCIYamlTest" file="/php/tests/Unit/CI/SunCIYamlTest.php" line="38" assertions="1" time="0.120993"/>
          <testcase name="test__hasErrors_returns_whether_config_is_invalid with data set #1" class="Tests\Unit\CI\SunCIYamlTest" classname="Tests.Unit.CI.SunCIYamlTest" file="/php/tests/Unit/CI/SunCIYamlTest.php" line="38" assertions="1" time="0.080055"/>
        </testsuite>
        <testsuite name="Tests\Unit\CI\SunCIYamlTest::test__hasSyntaxError_returns_whether_config_has_syntax_error" tests="3" assertions="3" errors="0" warnings="0" failures="0" skipped="0" time="0.179305">
          <testcase name="test__hasSyntaxError_returns_whether_config_has_syntax_error with data set #0" class="Tests\Unit\CI\SunCIYamlTest" classname="Tests.Unit.CI.SunCIYamlTest" file="/php/tests/Unit/CI/SunCIYamlTest.php" line="57" assertions="1" time="0.046946"/>
          <testcase name="test__hasSyntaxError_returns_whether_config_has_syntax_error with data set #1" class="Tests\Unit\CI\SunCIYamlTest" classname="Tests.Unit.CI.SunCIYamlTest" file="/php/tests/Unit/CI/SunCIYamlTest.php" line="57" assertions="1" time="0.048895"/>
          <testcase name="test__hasSyntaxError_returns_whether_config_has_syntax_error with data set #2" class="Tests\Unit\CI\SunCIYamlTest" classname="Tests.Unit.CI.SunCIYamlTest" file="/php/tests/Unit/CI/SunCIYamlTest.php" line="57" assertions="1" time="0.083464"/>
        </testsuite>
        <testsuite name="Tests\Unit\CI\SunCIYamlTest::test__getErrors_returns_validation_errors" tests="2" assertions="2" errors="0" warnings="0" failures="0" skipped="0" time="0.329794">
          <testcase name="test__getErrors_returns_validation_errors with data set #0" class="Tests\Unit\CI\SunCIYamlTest" classname="Tests.Unit.CI.SunCIYamlTest" file="/php/tests/Unit/CI/SunCIYamlTest.php" line="77" assertions="1" time="0.204609"/>
          <testcase name="test__getErrors_returns_validation_errors with data set #1" class="Tests\Unit\CI\SunCIYamlTest" classname="Tests.Unit.CI.SunCIYamlTest" file="/php/tests/Unit/CI/SunCIYamlTest.php" line="77" assertions="1" time="0.125185"/>
        </testsuite>
        <testsuite name="Tests\Unit\CI\SunCIYamlTest::test__getStages_returns_parsed_stages" tests="9" assertions="9" errors="0" warnings="0" failures="0" skipped="0" time="0.900719">
          <testcase name="test__getStages_returns_parsed_stages with data set #0" class="Tests\Unit\CI\SunCIYamlTest" classname="Tests.Unit.CI.SunCIYamlTest" file="/php/tests/Unit/CI/SunCIYamlTest.php" line="99" assertions="1" time="0.119750"/>
          <testcase name="test__getStages_returns_parsed_stages with data set #1" class="Tests\Unit\CI\SunCIYamlTest" classname="Tests.Unit.CI.SunCIYamlTest" file="/php/tests/Unit/CI/SunCIYamlTest.php" line="99" assertions="1" time="0.128496"/>
          <testcase name="test__getStages_returns_parsed_stages with data set #2" class="Tests\Unit\CI\SunCIYamlTest" classname="Tests.Unit.CI.SunCIYamlTest" file="/php/tests/Unit/CI/SunCIYamlTest.php" line="99" assertions="1" time="0.113038"/>
          <testcase name="test__getStages_returns_parsed_stages with data set #3" class="Tests\Unit\CI\SunCIYamlTest" classname="Tests.Unit.CI.SunCIYamlTest" file="/php/tests/Unit/CI/SunCIYamlTest.php" line="99" assertions="1" time="0.115094"/>
          <testcase name="test__getStages_returns_parsed_stages with data set #4" class="Tests\Unit\CI\SunCIYamlTest" classname="Tests.Unit.CI.SunCIYamlTest" file="/php/tests/Unit/CI/SunCIYamlTest.php" line="99" assertions="1" time="0.085419"/>
          <testcase name="test__getStages_returns_parsed_stages with data set #5" class="Tests\Unit\CI\SunCIYamlTest" classname="Tests.Unit.CI.SunCIYamlTest" file="/php/tests/Unit/CI/SunCIYamlTest.php" line="99" assertions="1" time="0.087030"/>
          <testcase name="test__getStages_returns_parsed_stages with data set #6" class="Tests\Unit\CI\SunCIYamlTest" classname="Tests.Unit.CI.SunCIYamlTest" file="/php/tests/Unit/CI/SunCIYamlTest.php" line="99" assertions="1" time="0.083195"/>
          <testcase name="test__getStages_returns_parsed_stages with data set #7" class="Tests\Unit\CI\SunCIYamlTest" classname="Tests.Unit.CI.SunCIYamlTest" file="/php/tests/Unit/CI/SunCIYamlTest.php" line="99" assertions="1" time="0.084974"/>
          <testcase name="test__getStages_returns_parsed_stages with data set #8" class="Tests\Unit\CI\SunCIYamlTest" classname="Tests.Unit.CI.SunCIYamlTest" file="/php/tests/Unit/CI/SunCIYamlTest.php" line="99" assertions="1" time="0.083722"/>
        </testsuite>
      </testsuite>
      <testsuite name="Tests\Unit\CI\TestResults\JunitTest" file="/php/tests/Unit/CI/TestResults/JunitTest.php" tests="2" assertions="2" errors="0" warnings="0" failures="0" skipped="0" time="0.093933">
        <testcase name="test_it_parser_junit" class="Tests\Unit\CI\TestResults\JunitTest" classname="Tests.Unit.CI.TestResults.JunitTest" file="/php/tests/Unit/CI/TestResults/JunitTest.php" line="10" assertions="1" time="0.047474"/>
        <testcase name="test_it_parse_invalid_junit" class="Tests\Unit\CI\TestResults\JunitTest" classname="Tests.Unit.CI.TestResults.JunitTest" file="/php/tests/Unit/CI/TestResults/JunitTest.php" line="29" assertions="1" time="0.046459"/>
      </testsuite>
      <testsuite name="Tests\Unit\CI\TestResults\ParserFactoryTest" file="/php/tests/Unit/CI/TestResults/ParserFactoryTest.php" tests="2" assertions="4" errors="0" warnings="0" failures="0" skipped="0" time="0.093775">
        <testcase name="test_it_can_return_testResults" class="Tests\Unit\CI\TestResults\ParserFactoryTest" classname="Tests.Unit.CI.TestResults.ParserFactoryTest" file="/php/tests/Unit/CI/TestResults/ParserFactoryTest.php" line="11" assertions="1" time="0.047010"/>
        <testcase name="test_it_throw_exception_when_parser_is_not_supported" class="Tests\Unit\CI\TestResults\ParserFactoryTest" classname="Tests.Unit.CI.TestResults.ParserFactoryTest" file="/php/tests/Unit/CI/TestResults/ParserFactoryTest.php" line="18" assertions="3" time="0.046766"/>
      </testsuite>
      <testsuite name="Tests\Unit\CI\VariablesTest" file="/php/tests/Unit/CI/VariablesTest.php" tests="5" assertions="11" errors="0" warnings="0" failures="0" skipped="0" time="0.306994">
        <testcase name="test_it_creates_runner_variables_from_job" class="Tests\Unit\CI\VariablesTest" classname="Tests.Unit.CI.VariablesTest" file="/php/tests/Unit/CI/VariablesTest.php" line="20" assertions="1" time="0.095350"/>
        <testcase name="test_it_creates_runner_variables_from_webhook_payload" class="Tests\Unit\CI\VariablesTest" classname="Tests.Unit.CI.VariablesTest" file="/php/tests/Unit/CI/VariablesTest.php" line="101" assertions="1" time="0.052458"/>
        <testcase name="test_it_returns_variables_as_an_array" class="Tests\Unit\CI\VariablesTest" classname="Tests.Unit.CI.VariablesTest" file="/php/tests/Unit/CI/VariablesTest.php" line="146" assertions="1" time="0.053541"/>
        <testcase name="test_it_expands_variable_expressions" class="Tests\Unit\CI\VariablesTest" classname="Tests.Unit.CI.VariablesTest" file="/php/tests/Unit/CI/VariablesTest.php" line="163" assertions="7" time="0.052748"/>
        <testcase name="test_it_expands_multiple_variable_expressions" class="Tests\Unit\CI\VariablesTest" classname="Tests.Unit.CI.VariablesTest" file="/php/tests/Unit/CI/VariablesTest.php" line="179" assertions="1" time="0.052897"/>
      </testsuite>
      <testsuite name="Tests\Unit\CI\Yaml\DeprecationValidatorTest" file="/php/tests/Unit/CI/Yaml/DeprecationValidatorTest.php" tests="3" assertions="3" errors="0" warnings="0" failures="0" skipped="0" time="0.151924">
        <testcase name="test_valid_config_passes" class="Tests\Unit\CI\Yaml\DeprecationValidatorTest" classname="Tests.Unit.CI.Yaml.DeprecationValidatorTest" file="/php/tests/Unit/CI/Yaml/DeprecationValidatorTest.php" line="12" assertions="1" time="0.051122"/>
        <testcase name="test_it_throws_exception_on_invalid_yaml_syntax" class="Tests\Unit\CI\Yaml\DeprecationValidatorTest" classname="Tests.Unit.CI.Yaml.DeprecationValidatorTest" file="/php/tests/Unit/CI/Yaml/DeprecationValidatorTest.php" line="20" assertions="1" time="0.047475"/>
        <testcase name="test_it_validates_deprecated_workspace_option" class="Tests\Unit\CI\Yaml\DeprecationValidatorTest" classname="Tests.Unit.CI.Yaml.DeprecationValidatorTest" file="/php/tests/Unit/CI/Yaml/DeprecationValidatorTest.php" line="28" assertions="1" time="0.053328"/>
      </testsuite>
      <testsuite name="Tests\Unit\CI\Yaml\JobParserTest" file="/php/tests/Unit/CI/Yaml/JobParserTest.php" tests="7" assertions="18" errors="0" warnings="0" failures="0" skipped="0" time="0.476011">
        <testcase name="test_it_throws_exception_trying_to_get_undefined_job" class="Tests\Unit\CI\Yaml\JobParserTest" classname="Tests.Unit.CI.Yaml.JobParserTest" file="/php/tests/Unit/CI/Yaml/JobParserTest.php" line="16" assertions="2" time="0.057520"/>
        <testcase name="test_it_throws_exception_on_parse_error" class="Tests\Unit\CI\Yaml\JobParserTest" classname="Tests.Unit.CI.Yaml.JobParserTest" file="/php/tests/Unit/CI/Yaml/JobParserTest.php" line="26" assertions="1" time="0.056429"/>
        <testcase name="test_it_throws_exception_on_parse_error_use_recipe" class="Tests\Unit\CI\Yaml\JobParserTest" classname="Tests.Unit.CI.Yaml.JobParserTest" file="/php/tests/Unit/CI/Yaml/JobParserTest.php" line="35" assertions="1" time="0.089535"/>
        <testcase name="test_it_throws_exception_on_invalid_services" class="Tests\Unit\CI\Yaml\JobParserTest" classname="Tests.Unit.CI.Yaml.JobParserTest" file="/php/tests/Unit/CI/Yaml/JobParserTest.php" line="48" assertions="1" time="0.061189"/>
        <testcase name="test_it_throws_exception_on_invalid_command" class="Tests\Unit\CI\Yaml\JobParserTest" classname="Tests.Unit.CI.Yaml.JobParserTest" file="/php/tests/Unit/CI/Yaml/JobParserTest.php" line="57" assertions="1" time="0.061892"/>
        <testcase name="test_it_parses_job_config" class="Tests\Unit\CI\Yaml\JobParserTest" classname="Tests.Unit.CI.Yaml.JobParserTest" file="/php/tests/Unit/CI/Yaml/JobParserTest.php" line="66" assertions="9" time="0.094056"/>
        <testcase name="test_it_parses_services" class="Tests\Unit\CI\Yaml\JobParserTest" classname="Tests.Unit.CI.Yaml.JobParserTest" file="/php/tests/Unit/CI/Yaml/JobParserTest.php" line="77" assertions="3" time="0.055390"/>
      </testsuite>
      <testsuite name="Tests\Unit\CI\Yaml\ParserTest" file="/php/tests/Unit/CI/Yaml/ParserTest.php" tests="6" assertions="9" errors="0" warnings="0" failures="0" skipped="0" time="0.333542">
        <testcase name="test_it_parses_yaml_file" class="Tests\Unit\CI\Yaml\ParserTest" classname="Tests.Unit.CI.Yaml.ParserTest" file="/php/tests/Unit/CI/Yaml/ParserTest.php" line="15" assertions="1" time="0.051405"/>
        <testcase name="test_it_throws_error_on_invalid_yaml_syntax" class="Tests\Unit\CI\Yaml\ParserTest" classname="Tests.Unit.CI.Yaml.ParserTest" file="/php/tests/Unit/CI/Yaml/ParserTest.php" line="26" assertions="2" time="0.052086"/>
        <testcase name="test_it_gets_stages" class="Tests\Unit\CI\Yaml\ParserTest" classname="Tests.Unit.CI.Yaml.ParserTest" file="/php/tests/Unit/CI/Yaml/ParserTest.php" line="35" assertions="1" time="0.051866"/>
        <testcase name="test_it_gets_list_of_jobs" class="Tests\Unit\CI\Yaml\ParserTest" classname="Tests.Unit.CI.Yaml.ParserTest" file="/php/tests/Unit/CI/Yaml/ParserTest.php" line="44" assertions="1" time="0.056608"/>
        <testcase name="test_it_gets_list_of_jobs_using_recipe" class="Tests\Unit\CI\Yaml\ParserTest" classname="Tests.Unit.CI.Yaml.ParserTest" file="/php/tests/Unit/CI/Yaml/ParserTest.php" line="79" assertions="1" time="0.065520"/>
        <testcase name="test_it_gets_job_config" class="Tests\Unit\CI\Yaml\ParserTest" classname="Tests.Unit.CI.Yaml.ParserTest" file="/php/tests/Unit/CI/Yaml/ParserTest.php" line="117" assertions="3" time="0.056056"/>
      </testsuite>
      <testsuite name="Tests\Unit\CI\Yaml\RecipeTest" file="/php/tests/Unit/CI/Yaml/RecipeTest.php" tests="6" assertions="7" errors="0" warnings="0" failures="0" skipped="0" time="0.353366">
        <testcase name="test_it_parses_deploy_recipe_from_config" class="Tests\Unit\CI\Yaml\RecipeTest" classname="Tests.Unit.CI.Yaml.RecipeTest" file="/php/tests/Unit/CI/Yaml/RecipeTest.php" line="16" assertions="1" time="0.068546"/>
        <testcase name="test_it_parses_deploy_jobs_when_not_use_recipe" class="Tests\Unit\CI\Yaml\RecipeTest" classname="Tests.Unit.CI.Yaml.RecipeTest" file="/php/tests/Unit/CI/Yaml/RecipeTest.php" line="53" assertions="1" time="0.051307"/>
        <testcase name="test_it_parses_deploy_recipe_from_config_with_default_parameters" class="Tests\Unit\CI\Yaml\RecipeTest" classname="Tests.Unit.CI.Yaml.RecipeTest" file="/php/tests/Unit/CI/Yaml/RecipeTest.php" line="70" assertions="1" time="0.060378"/>
        <testcase name="test_it_parses_deploy_recipe_from_config_with_empty_value_parameters" class="Tests\Unit\CI\Yaml\RecipeTest" classname="Tests.Unit.CI.Yaml.RecipeTest" file="/php/tests/Unit/CI/Yaml/RecipeTest.php" line="107" assertions="1" time="0.059584"/>
        <testcase name="test_it_ignore_invalid_recipe_content" class="Tests\Unit\CI\Yaml\RecipeTest" classname="Tests.Unit.CI.Yaml.RecipeTest" file="/php/tests/Unit/CI/Yaml/RecipeTest.php" line="151" assertions="2" time="0.057980"/>
        <testcase name="test_it_throws_exception_when_recipe_not_found" class="Tests\Unit\CI\Yaml\RecipeTest" classname="Tests.Unit.CI.Yaml.RecipeTest" file="/php/tests/Unit/CI/Yaml/RecipeTest.php" line="167" assertions="1" time="0.055572"/>
      </testsuite>
      <testsuite name="Tests\Unit\CI\Yaml\ValidatorTest" file="/php/tests/Unit/CI/Yaml/ValidatorTest.php" tests="18" assertions="21" errors="0" warnings="0" failures="0" skipped="0" time="2.061030">
        <testcase name="test_valid_config_passes" class="Tests\Unit\CI\Yaml\ValidatorTest" classname="Tests.Unit.CI.Yaml.ValidatorTest" file="/php/tests/Unit/CI/Yaml/ValidatorTest.php" line="12" assertions="1" time="0.083127"/>
        <testcase name="test_it_throws_exception_on_invalid_yaml_syntax" class="Tests\Unit\CI\Yaml\ValidatorTest" classname="Tests.Unit.CI.Yaml.ValidatorTest" file="/php/tests/Unit/CI/Yaml/ValidatorTest.php" line="17" assertions="1" time="0.046041"/>
        <testcase name="test_it_validates_image" class="Tests\Unit\CI\Yaml\ValidatorTest" classname="Tests.Unit.CI.Yaml.ValidatorTest" file="/php/tests/Unit/CI/Yaml/ValidatorTest.php" line="25" assertions="1" time="0.098583"/>
        <testcase name="test_it_validates_entrypoint" class="Tests\Unit\CI\Yaml\ValidatorTest" classname="Tests.Unit.CI.Yaml.ValidatorTest" file="/php/tests/Unit/CI/Yaml/ValidatorTest.php" line="36" assertions="1" time="0.108399"/>
        <testcase name="test_it_validates_environment_variable" class="Tests\Unit\CI\Yaml\ValidatorTest" classname="Tests.Unit.CI.Yaml.ValidatorTest" file="/php/tests/Unit/CI/Yaml/ValidatorTest.php" line="48" assertions="1" time="0.112599"/>
        <testcase name="test_it_validates_job_script" class="Tests\Unit\CI\Yaml\ValidatorTest" classname="Tests.Unit.CI.Yaml.ValidatorTest" file="/php/tests/Unit/CI/Yaml/ValidatorTest.php" line="60" assertions="1" time="0.101487"/>
        <testcase name="test_it_validates_cache" class="Tests\Unit\CI\Yaml\ValidatorTest" classname="Tests.Unit.CI.Yaml.ValidatorTest" file="/php/tests/Unit/CI/Yaml/ValidatorTest.php" line="82" assertions="1" time="0.115749"/>
        <testcase name="test_it_validates_artifact" class="Tests\Unit\CI\Yaml\ValidatorTest" classname="Tests.Unit.CI.Yaml.ValidatorTest" file="/php/tests/Unit/CI/Yaml/ValidatorTest.php" line="96" assertions="1" time="0.124661"/>
        <testcase name="test_it_validates_coverage" class="Tests\Unit\CI\Yaml\ValidatorTest" classname="Tests.Unit.CI.Yaml.ValidatorTest" file="/php/tests/Unit/CI/Yaml/ValidatorTest.php" line="106" assertions="1" time="0.113375"/>
        <testcase name="test_it_validates_test_result" class="Tests\Unit\CI\Yaml\ValidatorTest" classname="Tests.Unit.CI.Yaml.ValidatorTest" file="/php/tests/Unit/CI/Yaml/ValidatorTest.php" line="120" assertions="1" time="0.113844"/>
        <testcase name="test_it_validates_services" class="Tests\Unit\CI\Yaml\ValidatorTest" classname="Tests.Unit.CI.Yaml.ValidatorTest" file="/php/tests/Unit/CI/Yaml/ValidatorTest.php" line="134" assertions="1" time="0.161810"/>
        <testcase name="test_it_validates_filters" class="Tests\Unit\CI\Yaml\ValidatorTest" classname="Tests.Unit.CI.Yaml.ValidatorTest" file="/php/tests/Unit/CI/Yaml/ValidatorTest.php" line="151" assertions="1" time="0.166403"/>
        <testcase name="test_it_can_validate_default_block" class="Tests\Unit\CI\Yaml\ValidatorTest" classname="Tests.Unit.CI.Yaml.ValidatorTest" file="/php/tests/Unit/CI/Yaml/ValidatorTest.php" line="181" assertions="1" time="0.082817"/>
        <testcase name="test_it_can_validate_default_services_block" class="Tests\Unit\CI\Yaml\ValidatorTest" classname="Tests.Unit.CI.Yaml.ValidatorTest" file="/php/tests/Unit/CI/Yaml/ValidatorTest.php" line="195" assertions="1" time="0.082825"/>
        <testcase name="test_it_validates_config_structure" class="Tests\Unit\CI\Yaml\ValidatorTest" classname="Tests.Unit.CI.Yaml.ValidatorTest" file="/php/tests/Unit/CI/Yaml/ValidatorTest.php" line="205" assertions="3" time="0.126350"/>
        <testcase name="test_it_can_validate_when_keyword" class="Tests\Unit\CI\Yaml\ValidatorTest" classname="Tests.Unit.CI.Yaml.ValidatorTest" file="/php/tests/Unit/CI/Yaml/ValidatorTest.php" line="228" assertions="2" time="0.263821"/>
        <testcase name="test_it_validates_registries" class="Tests\Unit\CI\Yaml\ValidatorTest" classname="Tests.Unit.CI.Yaml.ValidatorTest" file="/php/tests/Unit/CI/Yaml/ValidatorTest.php" line="249" assertions="1" time="0.072743"/>
        <testcase name="test_it_validates_recipe_config" class="Tests\Unit\CI\Yaml\ValidatorTest" classname="Tests.Unit.CI.Yaml.ValidatorTest" file="/php/tests/Unit/CI/Yaml/ValidatorTest.php" line="260" assertions="1" time="0.086398"/>
      </testsuite>
      <testsuite name="Tests\Unit\Git\Branch\GithubBranchTest" file="/php/tests/Unit/Git/Branch/GithubBranchTest.php" tests="1" assertions="3" errors="0" warnings="0" failures="0" skipped="0" time="0.054803">
        <testcase name="test_it_can_get_information_branch_gitlab" class="Tests\Unit\Git\Branch\GithubBranchTest" classname="Tests.Unit.Git.Branch.GithubBranchTest" file="/php/tests/Unit/Git/Branch/GithubBranchTest.php" line="24" assertions="3" time="0.054803"/>
      </testsuite>
      <testsuite name="Tests\Unit\Git\Branch\GitlabBranchTest" file="/php/tests/Unit/Git/Branch/GitlabBranchTest.php" tests="1" assertions="3" errors="0" warnings="0" failures="0" skipped="0" time="0.075164">
        <testcase name="test_it_can_get_information_branch_gitlab" class="Tests\Unit\Git\Branch\GitlabBranchTest" classname="Tests.Unit.Git.Branch.GitlabBranchTest" file="/php/tests/Unit/Git/Branch/GitlabBranchTest.php" line="24" assertions="3" time="0.075164"/>
      </testsuite>
      <testsuite name="Tests\Unit\Git\Commit\GithubCommitTest" file="/php/tests/Unit/Git/Commit/GithubCommitTest.php" tests="2" assertions="8" errors="0" warnings="0" failures="0" skipped="0" time="0.140192">
        <testcase name="test_it_get_latest_commit" class="Tests\Unit\Git\Commit\GithubCommitTest" classname="Tests.Unit.Git.Commit.GithubCommitTest" file="/php/tests/Unit/Git/Commit/GithubCommitTest.php" line="25" assertions="4" time="0.073949"/>
        <testcase name="test_it_get_latest_when_commit_null" class="Tests\Unit\Git\Commit\GithubCommitTest" classname="Tests.Unit.Git.Commit.GithubCommitTest" file="/php/tests/Unit/Git/Commit/GithubCommitTest.php" line="59" assertions="4" time="0.066243"/>
      </testsuite>
      <testsuite name="Tests\Unit\Git\Commit\GitlabCommitTest" file="/php/tests/Unit/Git/Commit/GitlabCommitTest.php" tests="2" assertions="8" errors="0" warnings="0" failures="0" skipped="0" time="0.136026">
        <testcase name="test_it_get_latest_commit" class="Tests\Unit\Git\Commit\GitlabCommitTest" classname="Tests.Unit.Git.Commit.GitlabCommitTest" file="/php/tests/Unit/Git/Commit/GitlabCommitTest.php" line="25" assertions="5" time="0.071821"/>
        <testcase name="test_it_get_latest_when_commit_null" class="Tests\Unit\Git\Commit\GitlabCommitTest" classname="Tests.Unit.Git.Commit.GitlabCommitTest" file="/php/tests/Unit/Git/Commit/GitlabCommitTest.php" line="60" assertions="3" time="0.064205"/>
      </testsuite>
      <testsuite name="Tests\Unit\Git\DeployKeys\GithubDeployKeysTest" file="/php/tests/Unit/Git/DeployKeys/GithubDeployKeysTest.php" tests="2" assertions="8" errors="0" warnings="0" failures="0" skipped="0" time="0.115970">
        <testcase name="test_it_can_create_deploy_keys" class="Tests\Unit\Git\DeployKeys\GithubDeployKeysTest" classname="Tests.Unit.Git.DeployKeys.GithubDeployKeysTest" file="/php/tests/Unit/Git/DeployKeys/GithubDeployKeysTest.php" line="24" assertions="4" time="0.061131"/>
        <testcase name="test_it_can_delete_deploy_keys" class="Tests\Unit\Git\DeployKeys\GithubDeployKeysTest" classname="Tests.Unit.Git.DeployKeys.GithubDeployKeysTest" file="/php/tests/Unit/Git/DeployKeys/GithubDeployKeysTest.php" line="47" assertions="4" time="0.054839"/>
      </testsuite>
      <testsuite name="Tests\Unit\Git\DeployKeys\GitlabDeployKeysTest" file="/php/tests/Unit/Git/DeployKeys/GitlabDeployKeysTest.php" tests="2" assertions="6" errors="0" warnings="0" failures="0" skipped="0" time="0.108819">
        <testcase name="test_it_can_create_deploy_keys" class="Tests\Unit\Git\DeployKeys\GitlabDeployKeysTest" classname="Tests.Unit.Git.DeployKeys.GitlabDeployKeysTest" file="/php/tests/Unit/Git/DeployKeys/GitlabDeployKeysTest.php" line="24" assertions="3" time="0.054452"/>
        <testcase name="test_it_can_delete_deploy_keys" class="Tests\Unit\Git\DeployKeys\GitlabDeployKeysTest" classname="Tests.Unit.Git.DeployKeys.GitlabDeployKeysTest" file="/php/tests/Unit/Git/DeployKeys/GitlabDeployKeysTest.php" line="44" assertions="3" time="0.054367"/>
      </testsuite>
      <testsuite name="Tests\Unit\Git\Files\GithubFilesTest" file="/php/tests/Unit/Git/Files/GithubFilesTest.php" tests="2" assertions="8" errors="0" warnings="0" failures="0" skipped="0" time="0.114273">
        <testcase name="test_it_get_content_file" class="Tests\Unit\Git\Files\GithubFilesTest" classname="Tests.Unit.Git.Files.GithubFilesTest" file="/php/tests/Unit/Git/Files/GithubFilesTest.php" line="25" assertions="4" time="0.060226"/>
        <testcase name="test_it_can_create_file" class="Tests\Unit\Git\Files\GithubFilesTest" classname="Tests.Unit.Git.Files.GithubFilesTest" file="/php/tests/Unit/Git/Files/GithubFilesTest.php" line="44" assertions="4" time="0.054047"/>
      </testsuite>
      <testsuite name="Tests\Unit\Git\Repositories\GithubRepositoriesTest" file="/php/tests/Unit/Git/Repositories/GithubRepositoriesTest.php" tests="5" assertions="17" errors="0" warnings="0" failures="0" skipped="0" time="0.235862">
        <testcase name="test_it_fetches_github_repositories" class="Tests\Unit\Git\Repositories\GithubRepositoriesTest" classname="Tests.Unit.Git.Repositories.GithubRepositoriesTest" file="/php/tests/Unit/Git/Repositories/GithubRepositoriesTest.php" line="17" assertions="4" time="0.049934"/>
        <testcase name="test_it_fetches_next_page_github_repositories" class="Tests\Unit\Git\Repositories\GithubRepositoriesTest" classname="Tests.Unit.Git.Repositories.GithubRepositoriesTest" file="/php/tests/Unit/Git/Repositories/GithubRepositoriesTest.php" line="75" assertions="2" time="0.047386"/>
        <testcase name="test_it_can_get_collaborators_of_repository" class="Tests\Unit\Git\Repositories\GithubRepositoriesTest" classname="Tests.Unit.Git.Repositories.GithubRepositoriesTest" file="/php/tests/Unit/Git/Repositories/GithubRepositoriesTest.php" line="123" assertions="6" time="0.045562"/>
        <testcase name="test_it_can_get_next_page_collaborators" class="Tests\Unit\Git\Repositories\GithubRepositoriesTest" classname="Tests.Unit.Git.Repositories.GithubRepositoriesTest" file="/php/tests/Unit/Git/Repositories/GithubRepositoriesTest.php" line="155" assertions="3" time="0.047312"/>
        <testcase name="test_it_can_check_for_next_page" class="Tests\Unit\Git\Repositories\GithubRepositoriesTest" classname="Tests.Unit.Git.Repositories.GithubRepositoriesTest" file="/php/tests/Unit/Git/Repositories/GithubRepositoriesTest.php" line="180" assertions="2" time="0.045668"/>
      </testsuite>
      <testsuite name="Tests\Unit\Git\Repositories\GitlabRepositoriesTest" file="/php/tests/Unit/Git/Repositories/GitlabRepositoriesTest.php" tests="1" assertions="3" errors="0" warnings="0" failures="0" skipped="0" time="0.051130">
        <testcase name="test_it_fetches_gitlab_repositories" class="Tests\Unit\Git\Repositories\GitlabRepositoriesTest" classname="Tests.Unit.Git.Repositories.GitlabRepositoriesTest" file="/php/tests/Unit/Git/Repositories/GitlabRepositoriesTest.php" line="16" assertions="3" time="0.051130"/>
      </testsuite>
      <testsuite name="Tests\Unit\Git\Statuses\GithubStatusesTest" file="/php/tests/Unit/Git/Statuses/GithubStatusesTest.php" tests="6" assertions="24" errors="0" warnings="0" failures="0" skipped="0" time="0.389084">
        <testsuite name="Tests\Unit\Git\Statuses\GithubStatusesTest::test_it_can_create_build_status" tests="6" assertions="24" errors="0" warnings="0" failures="0" skipped="0" time="0.389084">
          <testcase name="test_it_can_create_build_status with data set #0" class="Tests\Unit\Git\Statuses\GithubStatusesTest" classname="Tests.Unit.Git.Statuses.GithubStatusesTest" file="/php/tests/Unit/Git/Statuses/GithubStatusesTest.php" line="24" assertions="4" time="0.075648"/>
          <testcase name="test_it_can_create_build_status with data set #1" class="Tests\Unit\Git\Statuses\GithubStatusesTest" classname="Tests.Unit.Git.Statuses.GithubStatusesTest" file="/php/tests/Unit/Git/Statuses/GithubStatusesTest.php" line="24" assertions="4" time="0.062195"/>
          <testcase name="test_it_can_create_build_status with data set #2" class="Tests\Unit\Git\Statuses\GithubStatusesTest" classname="Tests.Unit.Git.Statuses.GithubStatusesTest" file="/php/tests/Unit/Git/Statuses/GithubStatusesTest.php" line="24" assertions="4" time="0.062722"/>
          <testcase name="test_it_can_create_build_status with data set #3" class="Tests\Unit\Git\Statuses\GithubStatusesTest" classname="Tests.Unit.Git.Statuses.GithubStatusesTest" file="/php/tests/Unit/Git/Statuses/GithubStatusesTest.php" line="24" assertions="4" time="0.064260"/>
          <testcase name="test_it_can_create_build_status with data set #4" class="Tests\Unit\Git\Statuses\GithubStatusesTest" classname="Tests.Unit.Git.Statuses.GithubStatusesTest" file="/php/tests/Unit/Git/Statuses/GithubStatusesTest.php" line="24" assertions="4" time="0.062841"/>
          <testcase name="test_it_can_create_build_status with data set #5" class="Tests\Unit\Git\Statuses\GithubStatusesTest" classname="Tests.Unit.Git.Statuses.GithubStatusesTest" file="/php/tests/Unit/Git/Statuses/GithubStatusesTest.php" line="24" assertions="4" time="0.061418"/>
        </testsuite>
      </testsuite>
      <testsuite name="Tests\Unit\Git\Statuses\GitlabStatusesTest" file="/php/tests/Unit/Git/Statuses/GitlabStatusesTest.php" tests="5" assertions="15" errors="0" warnings="0" failures="0" skipped="0" time="0.313443">
        <testsuite name="Tests\Unit\Git\Statuses\GitlabStatusesTest::test_it_can_create_build_status" tests="5" assertions="15" errors="0" warnings="0" failures="0" skipped="0" time="0.313443">
          <testcase name="test_it_can_create_build_status with data set #0" class="Tests\Unit\Git\Statuses\GitlabStatusesTest" classname="Tests.Unit.Git.Statuses.GitlabStatusesTest" file="/php/tests/Unit/Git/Statuses/GitlabStatusesTest.php" line="29" assertions="3" time="0.062158"/>
          <testcase name="test_it_can_create_build_status with data set #1" class="Tests\Unit\Git\Statuses\GitlabStatusesTest" classname="Tests.Unit.Git.Statuses.GitlabStatusesTest" file="/php/tests/Unit/Git/Statuses/GitlabStatusesTest.php" line="29" assertions="3" time="0.062756"/>
          <testcase name="test_it_can_create_build_status with data set #2" class="Tests\Unit\Git\Statuses\GitlabStatusesTest" classname="Tests.Unit.Git.Statuses.GitlabStatusesTest" file="/php/tests/Unit/Git/Statuses/GitlabStatusesTest.php" line="29" assertions="3" time="0.062195"/>
          <testcase name="test_it_can_create_build_status with data set #3" class="Tests\Unit\Git\Statuses\GitlabStatusesTest" classname="Tests.Unit.Git.Statuses.GitlabStatusesTest" file="/php/tests/Unit/Git/Statuses/GitlabStatusesTest.php" line="29" assertions="3" time="0.063325"/>
          <testcase name="test_it_can_create_build_status with data set #4" class="Tests\Unit\Git\Statuses\GitlabStatusesTest" classname="Tests.Unit.Git.Statuses.GitlabStatusesTest" file="/php/tests/Unit/Git/Statuses/GitlabStatusesTest.php" line="29" assertions="3" time="0.063010"/>
        </testsuite>
      </testsuite>
      <testsuite name="Tests\Unit\Git\Trees\GithubTreesTest" file="/php/tests/Unit/Git/Trees/GithubTreesTest.php" tests="2" assertions="8" errors="0" warnings="0" failures="0" skipped="0" time="0.120282">
        <testcase name="test_it_can_get_github_tree" class="Tests\Unit\Git\Trees\GithubTreesTest" classname="Tests.Unit.Git.Trees.GithubTreesTest" file="/php/tests/Unit/Git/Trees/GithubTreesTest.php" line="16" assertions="4" time="0.062919"/>
        <testcase name="test_it_throw_exception_when_get_github_tree" class="Tests\Unit\Git\Trees\GithubTreesTest" classname="Tests.Unit.Git.Trees.GithubTreesTest" file="/php/tests/Unit/Git/Trees/GithubTreesTest.php" line="31" assertions="4" time="0.057363"/>
      </testsuite>
      <testsuite name="Tests\Unit\Git\Trees\GitlabTreesTest" file="/php/tests/Unit/Git/Trees/GitlabTreesTest.php" tests="1" assertions="5" errors="0" warnings="0" failures="0" skipped="0" time="0.071092">
        <testcase name="test_it_can_get_gitlab_tree" class="Tests\Unit\Git\Trees\GitlabTreesTest" classname="Tests.Unit.Git.Trees.GitlabTreesTest" file="/php/tests/Unit/Git/Trees/GitlabTreesTest.php" line="25" assertions="5" time="0.071092"/>
      </testsuite>
      <testsuite name="Tests\Unit\Git\User\GithubUserTest" file="/php/tests/Unit/Git/User/GithubUserTest.php" tests="1" assertions="8" errors="0" warnings="0" failures="0" skipped="0" time="0.051342">
        <testcase name="test_it_get_github_user" class="Tests\Unit\Git\User\GithubUserTest" classname="Tests.Unit.Git.User.GithubUserTest" file="/php/tests/Unit/Git/User/GithubUserTest.php" line="21" assertions="8" time="0.051342"/>
      </testsuite>
      <testsuite name="Tests\Unit\Git\User\GitlabUserTest" file="/php/tests/Unit/Git/User/GitlabUserTest.php" tests="1" assertions="8" errors="0" warnings="0" failures="0" skipped="0" time="0.057131">
        <testcase name="test_it_get_gitlab_user" class="Tests\Unit\Git\User\GitlabUserTest" classname="Tests.Unit.Git.User.GitlabUserTest" file="/php/tests/Unit/Git/User/GitlabUserTest.php" line="17" assertions="8" time="0.057131"/>
      </testsuite>
      <testsuite name="Tests\Unit\Git\Webhooks\GitlabWebhooksTest" file="/php/tests/Unit/Git/Webhooks/GitlabWebhooksTest.php" tests="2" assertions="6" errors="0" warnings="0" failures="0" skipped="0" time="0.120630">
        <testcase name="test_it_can_create_webhook" class="Tests\Unit\Git\Webhooks\GitlabWebhooksTest" classname="Tests.Unit.Git.Webhooks.GitlabWebhooksTest" file="/php/tests/Unit/Git/Webhooks/GitlabWebhooksTest.php" line="23" assertions="3" time="0.059527"/>
        <testcase name="test_it_can_delete_webhook" class="Tests\Unit\Git\Webhooks\GitlabWebhooksTest" classname="Tests.Unit.Git.Webhooks.GitlabWebhooksTest" file="/php/tests/Unit/Git/Webhooks/GitlabWebhooksTest.php" line="36" assertions="3" time="0.061102"/>
      </testsuite>
      <testsuite name="Tests\Unit\Git\Branch\SlackMessagesTest" file="/php/tests/Unit/Notification/Messages/SlackMessagesTest.php" tests="1" assertions="3" errors="0" warnings="0" failures="0" skipped="0" time="0.062149">
        <testcase name="test_it_can_send_message_to_slack" class="Tests\Unit\Git\Branch\SlackMessagesTest" classname="Tests.Unit.Git.Branch.SlackMessagesTest" file="/php/tests/Unit/Notification/Messages/SlackMessagesTest.php" line="28" assertions="3" time="0.062149"/>
      </testsuite>
      <testsuite name="Tests\Unit\Git\Branch\NotificationServiceTest" file="/php/tests/Unit/Notification/NotificationServiceTest.php" tests="3" assertions="3" errors="0" warnings="0" failures="0" skipped="0" time="0.154847">
        <testcase name="test_it_get_slack_notification_service" class="Tests\Unit\Git\Branch\NotificationServiceTest" classname="Tests.Unit.Git.Branch.NotificationServiceTest" file="/php/tests/Unit/Notification/NotificationServiceTest.php" line="22" assertions="1" time="0.053280"/>
        <testsuite name="Tests\Unit\Git\Branch\NotificationServiceTest::test_it_can_check_supported_provider" tests="1" assertions="1" errors="0" warnings="0" failures="0" skipped="0" time="0.048743">
          <testcase name="test_it_can_check_supported_provider with data set #0" class="Tests\Unit\Git\Branch\NotificationServiceTest" classname="Tests.Unit.Git.Branch.NotificationServiceTest" file="/php/tests/Unit/Notification/NotificationServiceTest.php" line="32" assertions="1" time="0.048743"/>
        </testsuite>
        <testcase name="test_it_can_check_unsupported_provider" class="Tests\Unit\Git\Branch\NotificationServiceTest" classname="Tests.Unit.Git.Branch.NotificationServiceTest" file="/php/tests/Unit/Notification/NotificationServiceTest.php" line="37" assertions="1" time="0.052824"/>
      </testsuite>
      <testsuite name="Tests\Unit\Support\HelpersTest" file="/php/tests/Unit/Support/HelpersTest.php" tests="3" assertions="5" errors="0" warnings="0" failures="0" skipped="0" time="0.148850">
        <testcase name="test_it_can_format_carbon_interface_timestamp" class="Tests\Unit\Support\HelpersTest" classname="Tests.Unit.Support.HelpersTest" file="/php/tests/Unit/Support/HelpersTest.php" line="10" assertions="2" time="0.048085"/>
        <testcase name="test_it_can_string_format_timestamp" class="Tests\Unit\Support\HelpersTest" classname="Tests.Unit.Support.HelpersTest" file="/php/tests/Unit/Support/HelpersTest.php" line="17" assertions="2" time="0.050455"/>
        <testcase name="test_it_ignore_invalid_string" class="Tests\Unit\Support\HelpersTest" classname="Tests.Unit.Support.HelpersTest" file="/php/tests/Unit/Support/HelpersTest.php" line="24" assertions="1" time="0.050310"/>
      </testsuite>
      <testsuite name="Tests\Unit\Support\IterateesTest" file="/php/tests/Unit/Support/IterateesTest.php" tests="1" assertions="1" errors="0" warnings="0" failures="0" skipped="0" time="0.048989">
        <testcase name="test_it_can_find_matched_iteration" class="Tests\Unit\Support\IterateesTest" classname="Tests.Unit.Support.IterateesTest" file="/php/tests/Unit/Support/IterateesTest.php" line="11" assertions="1" time="0.048989"/>
      </testsuite>
      <testsuite name="Tests\Unit\Support\MathTest" file="/php/tests/Unit/Support/MathTest.php" tests="1" assertions="3" errors="0" warnings="0" failures="0" skipped="0" time="0.047726">
        <testcase name="test_it_can_clamp" class="Tests\Unit\Support\MathTest" classname="Tests.Unit.Support.MathTest" file="/php/tests/Unit/Support/MathTest.php" line="10" assertions="3" time="0.047726"/>
      </testsuite>
      <testsuite name="Tests\Unit\Support\RSATest" file="/php/tests/Unit/Support/RSATest.php" tests="1" assertions="3" errors="0" warnings="0" failures="0" skipped="0" time="0.201984">
        <testcase name="test_it_can_generate_privatekey_and_publickey" class="Tests\Unit\Support\RSATest" classname="Tests.Unit.Support.RSATest" file="/php/tests/Unit/Support/RSATest.php" line="10" assertions="3" time="0.201984"/>
      </testsuite>
    </testsuite>
    <testsuite name="Feature" tests="467" assertions="8062" errors="1" warnings="0" failures="5" skipped="0" time="52.980093">
      <testsuite name="Tests\Feature\CI\ProcessArtifactsTest" file="/php/tests/Feature/CI/ProcessArtifactsTest.php" tests="4" assertions="4" errors="1" warnings="0" failures="0" skipped="0" time="0.450343">
        <testcase name="test_it_can_save_coverage" class="Tests\Feature\CI\ProcessArtifactsTest" classname="Tests.Feature.CI.ProcessArtifactsTest" file="/php/tests/Feature/CI/ProcessArtifactsTest.php" line="23" assertions="2" time="0.126319"/>
        <testcase name="test_it_can_save_test_result" class="Tests\Feature\CI\ProcessArtifactsTest" classname="Tests.Feature.CI.ProcessArtifactsTest" file="/php/tests/Feature/CI/ProcessArtifactsTest.php" line="45" assertions="0" time="0.113893">
          <error type="Illuminate\Database\QueryException">Tests\Feature\CI\ProcessArtifactsTest::test_it_can_save_test_result
Illuminate\Database\QueryException: SQLSTATE[22P02]: Invalid text representation: 7 ERROR:  invalid input syntax for type integer: "132.181903" (SQL: insert into "test_results" ("job_id", "tests", "assertions", "errors", "warnings", "failures", "skipped", "time", "updated_at", "created_at") values (33316, 630, 6423, 0, 0, 11, 0, 132.181903, 2021-10-21 07:12:27, 2021-10-21 07:12:27) returning "id")

/php/vendor/laravel/framework/src/Illuminate/Database/Connection.php:692
/php/vendor/laravel/framework/src/Illuminate/Database/Connection.php:652
/php/vendor/laravel/framework/src/Illuminate/Database/Connection.php:360
/php/vendor/laravel/framework/src/Illuminate/Database/Connection.php:330
/php/vendor/laravel/framework/src/Illuminate/Database/Query/Processors/PostgresProcessor.php:24
/php/vendor/laravel/framework/src/Illuminate/Database/Query/Builder.php:2964
/php/vendor/laravel/framework/src/Illuminate/Database/Eloquent/Builder.php:1628
/php/vendor/laravel/framework/src/Illuminate/Database/Eloquent/Model.php:1180
/php/vendor/laravel/framework/src/Illuminate/Database/Eloquent/Model.php:1145
/php/vendor/laravel/framework/src/Illuminate/Database/Eloquent/Model.php:986
/php/vendor/laravel/framework/src/Illuminate/Database/Eloquent/Builder.php:499
/php/vendor/laravel/framework/src/Illuminate/Support/helpers.php:263
/php/vendor/laravel/framework/src/Illuminate/Database/Eloquent/Builder.php:500
/php/vendor/laravel/framework/src/Illuminate/Support/Traits/ForwardsCalls.php:23
/php/vendor/laravel/framework/src/Illuminate/Database/Eloquent/Model.php:2091
/php/vendor/laravel/framework/src/Illuminate/Database/Eloquent/Model.php:2103
/php/app/CI/ProcessArtifacts.php:66
/php/tests/Feature/CI/ProcessArtifactsTest.php:54</error>
        </testcase>
        <testcase name="test_it_ignore_unsupported_metric" class="Tests\Feature\CI\ProcessArtifactsTest" classname="Tests.Feature.CI.ProcessArtifactsTest" file="/php/tests/Feature/CI/ProcessArtifactsTest.php" line="67" assertions="1" time="0.119189"/>
        <testcase name="test_it_ignore_when_coverage_file_is_not_found" class="Tests\Feature\CI\ProcessArtifactsTest" classname="Tests.Feature.CI.ProcessArtifactsTest" file="/php/tests/Feature/CI/ProcessArtifactsTest.php" line="83" assertions="1" time="0.090943"/>
      </testsuite>
      <testsuite name="Tests\Feature\CI\Webhooks\GitlabWebhookTest" file="/php/tests/Feature/CI/Webhooks/GitlabWebhookTest.php" tests="8" assertions="19" errors="0" warnings="0" failures="0" skipped="0" time="0.620796">
        <testcase name="test_it_verifies_signature" class="Tests\Feature\CI\Webhooks\GitlabWebhookTest" classname="Tests.Feature.CI.Webhooks.GitlabWebhookTest" file="/php/tests/Feature/CI/Webhooks/GitlabWebhookTest.php" line="23" assertions="2" time="0.111677"/>
        <testcase name="test_it_ignores_malformed_payload" class="Tests\Feature\CI\Webhooks\GitlabWebhookTest" classname="Tests.Feature.CI.Webhooks.GitlabWebhookTest" file="/php/tests/Feature/CI/Webhooks/GitlabWebhookTest.php" line="48" assertions="1" time="0.063643"/>
        <testcase name="test_it_processes_merge_request_open_event" class="Tests\Feature\CI\Webhooks\GitlabWebhookTest" classname="Tests.Feature.CI.Webhooks.GitlabWebhookTest" file="/php/tests/Feature/CI/Webhooks/GitlabWebhookTest.php" line="58" assertions="2" time="0.080166"/>
        <testcase name="test_it_processes_merge_request_update_event" class="Tests\Feature\CI\Webhooks\GitlabWebhookTest" classname="Tests.Feature.CI.Webhooks.GitlabWebhookTest" file="/php/tests/Feature/CI/Webhooks/GitlabWebhookTest.php" line="65" assertions="2" time="0.071534"/>
        <testcase name="test_it_doesnt_process_other_merge_request_events" class="Tests\Feature\CI\Webhooks\GitlabWebhookTest" classname="Tests.Feature.CI.Webhooks.GitlabWebhookTest" file="/php/tests/Feature/CI/Webhooks/GitlabWebhookTest.php" line="75" assertions="6" time="0.086046"/>
        <testcase name="test_it_processes_push_event" class="Tests\Feature\CI\Webhooks\GitlabWebhookTest" classname="Tests.Feature.CI.Webhooks.GitlabWebhookTest" file="/php/tests/Feature/CI/Webhooks/GitlabWebhookTest.php" line="93" assertions="2" time="0.069513"/>
        <testcase name="test_it_doesnt_process_merge_request_events_which_only_update_description" class="Tests\Feature\CI\Webhooks\GitlabWebhookTest" classname="Tests.Feature.CI.Webhooks.GitlabWebhookTest" file="/php/tests/Feature/CI/Webhooks/GitlabWebhookTest.php" line="100" assertions="2" time="0.071011"/>
        <testcase name="test_it_doesnt_process_push_events_which_only_delete_branch" class="Tests\Feature\CI\Webhooks\GitlabWebhookTest" classname="Tests.Feature.CI.Webhooks.GitlabWebhookTest" file="/php/tests/Feature/CI/Webhooks/GitlabWebhookTest.php" line="109" assertions="2" time="0.067205"/>
      </testsuite>
      <testsuite name="Tests\Feature\Console\ClearArtifactsCommandTest" file="/php/tests/Feature/Console/ClearArtifactsCommandTest.php" tests="1" assertions="2" errors="0" warnings="0" failures="0" skipped="0" time="0.223798">
        <testcase name="test_it_can_remove_expired_artifact" class="Tests\Feature\Console\ClearArtifactsCommandTest" classname="Tests.Feature.Console.ClearArtifactsCommandTest" file="/php/tests/Feature/Console/ClearArtifactsCommandTest.php" line="17" assertions="2" time="0.223798"/>
      </testsuite>
      <testsuite name="Tests\Feature\Console\DownCommandTest" file="/php/tests/Feature/Console/DownCommandTest.php" tests="2" assertions="4" errors="0" warnings="0" failures="0" skipped="0" time="0.188955">
        <testcase name="test_it_checks_for_maintenance_mode" class="Tests\Feature\Console\DownCommandTest" classname="Tests.Feature.Console.DownCommandTest" file="/php/tests/Feature/Console/DownCommandTest.php" line="13" assertions="2" time="0.086349"/>
        <testcase name="test_it_brings_server_out_of_maintenance_mode" class="Tests\Feature\Console\DownCommandTest" classname="Tests.Feature.Console.DownCommandTest" file="/php/tests/Feature/Console/DownCommandTest.php" line="22" assertions="2" time="0.102605"/>
      </testsuite>
      <testsuite name="Tests\Feature\Console\FreeStuckJobsCommandTest" file="/php/tests/Feature/Console/FreeStuckJobsCommandTest.php" tests="2" assertions="7" errors="0" warnings="0" failures="0" skipped="0" time="0.285183">
        <testcase name="test_it_can_free_stuck_jobs" class="Tests\Feature\Console\FreeStuckJobsCommandTest" classname="Tests.Feature.Console.FreeStuckJobsCommandTest" file="/php/tests/Feature/Console/FreeStuckJobsCommandTest.php" line="31" assertions="5" time="0.171273"/>
        <testcase name="test_it_ignore_when_catch_exception" class="Tests\Feature\Console\FreeStuckJobsCommandTest" classname="Tests.Feature.Console.FreeStuckJobsCommandTest" file="/php/tests/Feature/Console/FreeStuckJobsCommandTest.php" line="47" assertions="2" time="0.113910"/>
      </testsuite>
      <testsuite name="Tests\Feature\Console\KernelTest" file="/php/tests/Feature/Console/KernelTest.php" tests="1" assertions="1" errors="0" warnings="0" failures="0" skipped="0" time="0.054926">
        <testcase name="test_it_has_scheduled_telescope_tasks" class="Tests\Feature\Console\KernelTest" classname="Tests.Feature.Console.KernelTest" file="/php/tests/Feature/Console/KernelTest.php" line="9" assertions="1" time="0.054926"/>
      </testsuite>
      <testsuite name="Tests\Feature\Console\RemoveExpireJobLogsTest" file="/php/tests/Feature/Console/RemoveExpireJobLogsTest.php" tests="2" assertions="5" errors="0" warnings="0" failures="0" skipped="0" time="0.401653">
        <testcase name="test_it_can_remove_expired_job_logs" class="Tests\Feature\Console\RemoveExpireJobLogsTest" classname="Tests.Feature.Console.RemoveExpireJobLogsTest" file="/php/tests/Feature/Console/RemoveExpireJobLogsTest.php" line="27" assertions="3" time="0.202585"/>
        <testcase name="test_it_can_update_log_stage_when_file_not_found" class="Tests\Feature\Console\RemoveExpireJobLogsTest" classname="Tests.Feature.Console.RemoveExpireJobLogsTest" file="/php/tests/Feature/Console/RemoveExpireJobLogsTest.php" line="47" assertions="2" time="0.199067"/>
      </testsuite>
      <testsuite name="Tests\Feature\Console\SummaryBuildsWeeklyTest" file="/php/tests/Feature/Console/SummaryBuildsWeeklyTest.php" tests="1" assertions="2" errors="0" warnings="0" failures="0" skipped="0" time="0.078714">
        <testcase name="test_it_can_send_report_to_user" class="Tests\Feature\Console\SummaryBuildsWeeklyTest" classname="Tests.Feature.Console.SummaryBuildsWeeklyTest" file="/php/tests/Feature/Console/SummaryBuildsWeeklyTest.php" line="24" assertions="2" time="0.078714"/>
      </testsuite>
      <testsuite name="Tests\Feature\Console\UpCommandTest" file="/php/tests/Feature/Console/UpCommandTest.php" tests="2" assertions="4" errors="0" warnings="0" failures="0" skipped="0" time="0.180475">
        <testcase name="test_it_checks_for_maintenance_mode" class="Tests\Feature\Console\UpCommandTest" classname="Tests.Feature.Console.UpCommandTest" file="/php/tests/Feature/Console/UpCommandTest.php" line="13" assertions="2" time="0.079279"/>
        <testcase name="test_it_brings_server_out_of_maintenance_mode" class="Tests\Feature\Console\UpCommandTest" classname="Tests.Feature.Console.UpCommandTest" file="/php/tests/Feature/Console/UpCommandTest.php" line="20" assertions="2" time="0.101196"/>
      </testsuite>
      <testsuite name="Tests\Feature\Http\Admin\Artifacts\ListDirTest" file="/php/tests/Feature/Http/Admin/Artifacts/ListDirTest.php" tests="2" assertions="4" errors="0" warnings="0" failures="0" skipped="0" time="0.195040">
        <testcase name="test_it_abort_if_non_admin_user_request" class="Tests\Feature\Http\Admin\Artifacts\ListDirTest" classname="Tests.Feature.Http.Admin.Artifacts.ListDirTest" file="/php/tests/Feature/Http/Admin/Artifacts/ListDirTest.php" line="22" assertions="1" time="0.103446"/>
        <testcase name="test_it_can_get_list_dir_artifacts" class="Tests\Feature\Http\Admin\Artifacts\ListDirTest" classname="Tests.Feature.Http.Admin.Artifacts.ListDirTest" file="/php/tests/Feature/Http/Admin/Artifacts/ListDirTest.php" line="32" assertions="3" time="0.091594"/>
      </testsuite>
      <testsuite name="Tests\Feature\Http\Admin\Builds\CancelTest" file="/php/tests/Feature/Http/Admin/Builds/CancelTest.php" tests="2" assertions="38" errors="0" warnings="0" failures="0" skipped="0" time="0.456373">
        <testcase name="test_it_is_forbidden_from_unauthorized_request" class="Tests\Feature\Http\Admin\Builds\CancelTest" classname="Tests.Feature.Http.Admin.Builds.CancelTest" file="/php/tests/Feature/Http/Admin/Builds/CancelTest.php" line="34" assertions="1" time="0.083651"/>
        <testcase name="test_it_can_cancel_build" class="Tests\Feature\Http\Admin\Builds\CancelTest" classname="Tests.Feature.Http.Admin.Builds.CancelTest" file="/php/tests/Feature/Http/Admin/Builds/CancelTest.php" line="43" assertions="37" time="0.372722"/>
      </testsuite>
      <testsuite name="Tests\Feature\Http\Admin\Builds\RetryTest" file="/php/tests/Feature/Http/Admin/Builds/RetryTest.php" tests="3" assertions="69" errors="0" warnings="0" failures="0" skipped="0" time="0.381230">
        <testcase name="test_it_is_forbidden_from_unauthorized_request" class="Tests\Feature\Http\Admin\Builds\RetryTest" classname="Tests.Feature.Http.Admin.Builds.RetryTest" file="/php/tests/Feature/Http/Admin/Builds/RetryTest.php" line="31" assertions="1" time="0.086643"/>
        <testsuite name="Tests\Feature\Http\Admin\Builds\RetryTest::test_it_can_retry_build" tests="2" assertions="68" errors="0" warnings="0" failures="0" skipped="0" time="0.294587">
          <testcase name="test_it_can_retry_build with data set #0" class="Tests\Feature\Http\Admin\Builds\RetryTest" classname="Tests.Feature.Http.Admin.Builds.RetryTest" file="/php/tests/Feature/Http/Admin/Builds/RetryTest.php" line="44" assertions="34" time="0.142878"/>
          <testcase name="test_it_can_retry_build with data set #1" class="Tests\Feature\Http\Admin\Builds\RetryTest" classname="Tests.Feature.Http.Admin.Builds.RetryTest" file="/php/tests/Feature/Http/Admin/Builds/RetryTest.php" line="44" assertions="34" time="0.151709"/>
        </testsuite>
      </testsuite>
      <testsuite name="Tests\Feature\Http\Admin\Builds\ShowAllTest" file="/php/tests/Feature/Http/Admin/Builds/ShowAllTest.php" tests="2" assertions="304" errors="0" warnings="0" failures="0" skipped="0" time="0.258777">
        <testcase name="test_it_is_forbidden_from_unauthorized_request" class="Tests\Feature\Http\Admin\Builds\ShowAllTest" classname="Tests.Feature.Http.Admin.Builds.ShowAllTest" file="/php/tests/Feature/Http/Admin/Builds/ShowAllTest.php" line="13" assertions="1" time="0.072603"/>
        <testcase name="test_it_can_show_all_builds" class="Tests\Feature\Http\Admin\Builds\ShowAllTest" classname="Tests.Feature.Http.Admin.Builds.ShowAllTest" file="/php/tests/Feature/Http/Admin/Builds/ShowAllTest.php" line="22" assertions="303" time="0.186174"/>
      </testsuite>
      <testsuite name="Tests\Feature\Http\Admin\Jobs\CancelTest" file="/php/tests/Feature/Http/Admin/Jobs/CancelTest.php" tests="6" assertions="12" errors="0" warnings="0" failures="0" skipped="0" time="0.642832">
        <testcase name="test_it_is_forbidden_from_unauthorized_request" class="Tests\Feature\Http\Admin\Jobs\CancelTest" classname="Tests.Feature.Http.Admin.Jobs.CancelTest" file="/php/tests/Feature/Http/Admin/Jobs/CancelTest.php" line="28" assertions="1" time="0.089733"/>
        <testsuite name="Tests\Feature\Http\Admin\Jobs\CancelTest::test_it_checks_for_job_status" tests="3" assertions="3" errors="0" warnings="0" failures="0" skipped="0" time="0.286116">
          <testcase name="test_it_checks_for_job_status with data set #0" class="Tests\Feature\Http\Admin\Jobs\CancelTest" classname="Tests.Feature.Http.Admin.Jobs.CancelTest" file="/php/tests/Feature/Http/Admin/Jobs/CancelTest.php" line="41" assertions="1" time="0.086603"/>
          <testcase name="test_it_checks_for_job_status with data set #1" class="Tests\Feature\Http\Admin\Jobs\CancelTest" classname="Tests.Feature.Http.Admin.Jobs.CancelTest" file="/php/tests/Feature/Http/Admin/Jobs/CancelTest.php" line="41" assertions="1" time="0.105824"/>
          <testcase name="test_it_checks_for_job_status with data set #2" class="Tests\Feature\Http\Admin\Jobs\CancelTest" classname="Tests.Feature.Http.Admin.Jobs.CancelTest" file="/php/tests/Feature/Http/Admin/Jobs/CancelTest.php" line="41" assertions="1" time="0.093689"/>
        </testsuite>
        <testcase name="test_it_cancel_a_single_job" class="Tests\Feature\Http\Admin\Jobs\CancelTest" classname="Tests.Feature.Http.Admin.Jobs.CancelTest" file="/php/tests/Feature/Http/Admin/Jobs/CancelTest.php" line="56" assertions="4" time="0.141435"/>
        <testcase name="test_it_updates_build_status_when_cancelling_last_job" class="Tests\Feature\Http\Admin\Jobs\CancelTest" classname="Tests.Feature.Http.Admin.Jobs.CancelTest" file="/php/tests/Feature/Http/Admin/Jobs/CancelTest.php" line="77" assertions="4" time="0.125548"/>
      </testsuite>
      <testsuite name="Tests\Feature\Http\Admin\Jobs\RetryTest" file="/php/tests/Feature/Http/Admin/Jobs/RetryTest.php" tests="4" assertions="55" errors="0" warnings="0" failures="0" skipped="0" time="0.468158">
        <testcase name="test_it_is_forbidden_from_unauthorized_request" class="Tests\Feature\Http\Admin\Jobs\RetryTest" classname="Tests.Feature.Http.Admin.Jobs.RetryTest" file="/php/tests/Feature/Http/Admin/Jobs/RetryTest.php" line="28" assertions="1" time="0.088306"/>
        <testsuite name="Tests\Feature\Http\Admin\Jobs\RetryTest::test_it_retry_a_single_job" tests="3" assertions="54" errors="0" warnings="0" failures="0" skipped="0" time="0.379852">
          <testcase name="test_it_retry_a_single_job with data set #0" class="Tests\Feature\Http\Admin\Jobs\RetryTest" classname="Tests.Feature.Http.Admin.Jobs.RetryTest" file="/php/tests/Feature/Http/Admin/Jobs/RetryTest.php" line="41" assertions="18" time="0.119594"/>
          <testcase name="test_it_retry_a_single_job with data set #1" class="Tests\Feature\Http\Admin\Jobs\RetryTest" classname="Tests.Feature.Http.Admin.Jobs.RetryTest" file="/php/tests/Feature/Http/Admin/Jobs/RetryTest.php" line="41" assertions="18" time="0.127618"/>
          <testcase name="test_it_retry_a_single_job with data set #2" class="Tests\Feature\Http\Admin\Jobs\RetryTest" classname="Tests.Feature.Http.Admin.Jobs.RetryTest" file="/php/tests/Feature/Http/Admin/Jobs/RetryTest.php" line="41" assertions="18" time="0.132640"/>
        </testsuite>
      </testsuite>
      <testsuite name="Tests\Feature\Http\Admin\Recipes\Categories\GetTest" file="/php/tests/Feature/Http/Admin/Recipes/Categories/GetTest.php" tests="2" assertions="13" errors="0" warnings="0" failures="0" skipped="0" time="0.153488">
        <testcase name="test_it_is_forbidden_from_unauthorized_request" class="Tests\Feature\Http\Admin\Recipes\Categories\GetTest" classname="Tests.Feature.Http.Admin.Recipes.Categories.GetTest" file="/php/tests/Feature/Http/Admin/Recipes/Categories/GetTest.php" line="14" assertions="1" time="0.070973"/>
        <testcase name="test_it_can_get_list_recipe_category" class="Tests\Feature\Http\Admin\Recipes\Categories\GetTest" classname="Tests.Feature.Http.Admin.Recipes.Categories.GetTest" file="/php/tests/Feature/Http/Admin/Recipes/Categories/GetTest.php" line="25" assertions="12" time="0.082515"/>
      </testsuite>
      <testsuite name="Tests\Feature\Http\Admin\Recipes\GetTest" file="/php/tests/Feature/Http/Admin/Recipes/GetTest.php" tests="5" assertions="207" errors="0" warnings="0" failures="0" skipped="0" time="0.465298">
        <testcase name="test_it_is_forbidden_from_unauthorized_request" class="Tests\Feature\Http\Admin\Recipes\GetTest" classname="Tests.Feature.Http.Admin.Recipes.GetTest" file="/php/tests/Feature/Http/Admin/Recipes/GetTest.php" line="15" assertions="1" time="0.071977"/>
        <testcase name="test_it_can_get_recipes_without_query" class="Tests\Feature\Http\Admin\Recipes\GetTest" classname="Tests.Feature.Http.Admin.Recipes.GetTest" file="/php/tests/Feature/Http/Admin/Recipes/GetTest.php" line="26" assertions="62" time="0.082537"/>
        <testcase name="test_it_can_get_recipes_with_name_query" class="Tests\Feature\Http\Admin\Recipes\GetTest" classname="Tests.Feature.Http.Admin.Recipes.GetTest" file="/php/tests/Feature/Http/Admin/Recipes/GetTest.php" line="68" assertions="38" time="0.088668"/>
        <testcase name="test_it_can_get_recipes_with_category_query" class="Tests\Feature\Http\Admin\Recipes\GetTest" classname="Tests.Feature.Http.Admin.Recipes.GetTest" file="/php/tests/Feature/Http/Admin/Recipes/GetTest.php" line="123" assertions="68" time="0.123150"/>
        <testcase name="test_it_can_get_recipes_with_full_query" class="Tests\Feature\Http\Admin\Recipes\GetTest" classname="Tests.Feature.Http.Admin.Recipes.GetTest" file="/php/tests/Feature/Http/Admin/Recipes/GetTest.php" line="178" assertions="38" time="0.098966"/>
      </testsuite>
      <testsuite name="Test\Feature\Http\Admin\Repositories\Builds\GetArtifactsTest" file="/php/tests/Feature/Http/Admin/Repositories/Builds/GetArtifactsTest.php" tests="4" assertions="8" errors="0" warnings="0" failures="0" skipped="0" time="0.370988">
        <testsuite name="Test\Feature\Http\Admin\Repositories\Builds\GetArtifactsTest::test_it_is_forbidden_from_unauthorized_request" tests="2" assertions="2" errors="0" warnings="0" failures="0" skipped="0" time="0.179774">
          <testcase name="test_it_is_forbidden_from_unauthorized_request with data set #0" class="Test\Feature\Http\Admin\Repositories\Builds\GetArtifactsTest" classname="Test.Feature.Http.Admin.Repositories.Builds.GetArtifactsTest" file="/php/tests/Feature/Http/Admin/Repositories/Builds/GetArtifactsTest.php" line="18" assertions="1" time="0.091216"/>
          <testcase name="test_it_is_forbidden_from_unauthorized_request with data set #1" class="Test\Feature\Http\Admin\Repositories\Builds\GetArtifactsTest" classname="Test.Feature.Http.Admin.Repositories.Builds.GetArtifactsTest" file="/php/tests/Feature/Http/Admin/Repositories/Builds/GetArtifactsTest.php" line="18" assertions="1" time="0.088558"/>
        </testsuite>
        <testsuite name="Test\Feature\Http\Admin\Repositories\Builds\GetArtifactsTest::test_it_can_get_artifacts" tests="2" assertions="6" errors="0" warnings="0" failures="0" skipped="0" time="0.191214">
          <testcase name="test_it_can_get_artifacts with data set #0" class="Test\Feature\Http\Admin\Repositories\Builds\GetArtifactsTest" classname="Test.Feature.Http.Admin.Repositories.Builds.GetArtifactsTest" file="/php/tests/Feature/Http/Admin/Repositories/Builds/GetArtifactsTest.php" line="37" assertions="3" time="0.096420"/>
          <testcase name="test_it_can_get_artifacts with data set #1" class="Test\Feature\Http\Admin\Repositories\Builds\GetArtifactsTest" classname="Test.Feature.Http.Admin.Repositories.Builds.GetArtifactsTest" file="/php/tests/Feature/Http/Admin/Repositories/Builds/GetArtifactsTest.php" line="37" assertions="3" time="0.094794"/>
        </testsuite>
      </testsuite>
      <testsuite name="Test\Feature\Http\Admin\Repositories\Builds\GetConfigTest" file="/php/tests/Feature/Http/Admin/Repositories/Builds/GetConfigTest.php" tests="3" assertions="7" errors="0" warnings="0" failures="0" skipped="0" time="0.275688">
        <testcase name="test_it_is_forbidden_from_unauthorized_request" class="Test\Feature\Http\Admin\Repositories\Builds\GetConfigTest" classname="Test.Feature.Http.Admin.Repositories.Builds.GetConfigTest" file="/php/tests/Feature/Http/Admin/Repositories/Builds/GetConfigTest.php" line="15" assertions="1" time="0.083882"/>
        <testcase name="test_it_can_get_config" class="Test\Feature\Http\Admin\Repositories\Builds\GetConfigTest" classname="Test.Feature.Http.Admin.Repositories.Builds.GetConfigTest" file="/php/tests/Feature/Http/Admin/Repositories/Builds/GetConfigTest.php" line="28" assertions="4" time="0.094632"/>
        <testcase name="test_it_throws_parser_exception_on_invalid_build_config" class="Test\Feature\Http\Admin\Repositories\Builds\GetConfigTest" classname="Test.Feature.Http.Admin.Repositories.Builds.GetConfigTest" file="/php/tests/Feature/Http/Admin/Repositories/Builds/GetConfigTest.php" line="48" assertions="2" time="0.097175"/>
      </testsuite>
      <testsuite name="Tests\Feature\Http\Admin\Repositories\Builds\GetJobLogTest" file="/php/tests/Feature/Http/Admin/Repositories/Builds/GetJobLogTest.php" tests="4" assertions="11" errors="0" warnings="0" failures="0" skipped="0" time="0.452251">
        <testcase name="test_it_can_get_job_log" class="Tests\Feature\Http\Admin\Repositories\Builds\GetJobLogTest" classname="Tests.Feature.Http.Admin.Repositories.Builds.GetJobLogTest" file="/php/tests/Feature/Http/Admin/Repositories/Builds/GetJobLogTest.php" line="25" assertions="1" time="0.119464"/>
        <testcase name="test_it_can_get_not_archived_job_log" class="Tests\Feature\Http\Admin\Repositories\Builds\GetJobLogTest" classname="Tests.Feature.Http.Admin.Repositories.Builds.GetJobLogTest" file="/php/tests/Feature/Http/Admin/Repositories/Builds/GetJobLogTest.php" line="42" assertions="5" time="0.116778"/>
        <testcase name="test_it_return_null_get_not_archived_job_log_dont_have_any_logs" class="Tests\Feature\Http\Admin\Repositories\Builds\GetJobLogTest" classname="Tests.Feature.Http.Admin.Repositories.Builds.GetJobLogTest" file="/php/tests/Feature/Http/Admin/Repositories/Builds/GetJobLogTest.php" line="65" assertions="4" time="0.102896"/>
        <testcase name="test_it_is_forbidden_from_unauthorized_request" class="Tests\Feature\Http\Admin\Repositories\Builds\GetJobLogTest" classname="Tests.Feature.Http.Admin.Repositories.Builds.GetJobLogTest" file="/php/tests/Feature/Http/Admin/Repositories/Builds/GetJobLogTest.php" line="87" assertions="1" time="0.113113"/>
      </testsuite>
      <testsuite name="Tests\Feature\Http\Admin\Repositories\Builds\ShowAllTest" file="/php/tests/Feature/Http/Admin/Repositories/Builds/ShowAllTest.php" tests="4" assertions="608" errors="0" warnings="0" failures="0" skipped="0" time="0.439748">
        <testsuite name="Tests\Feature\Http\Admin\Repositories\Builds\ShowAllTest::test_it_can_show_all_builds_from_repository" tests="2" assertions="606" errors="0" warnings="0" failures="0" skipped="0" time="0.284033">
          <testcase name="test_it_can_show_all_builds_from_repository with data set #0" class="Tests\Feature\Http\Admin\Repositories\Builds\ShowAllTest" classname="Tests.Feature.Http.Admin.Repositories.Builds.ShowAllTest" file="/php/tests/Feature/Http/Admin/Repositories/Builds/ShowAllTest.php" line="18" assertions="303" time="0.140121"/>
          <testcase name="test_it_can_show_all_builds_from_repository with data set #1" class="Tests\Feature\Http\Admin\Repositories\Builds\ShowAllTest" classname="Tests.Feature.Http.Admin.Repositories.Builds.ShowAllTest" file="/php/tests/Feature/Http/Admin/Repositories/Builds/ShowAllTest.php" line="18" assertions="303" time="0.143912"/>
        </testsuite>
        <testcase name="test_it_is_forbidden_from_unauthorized_request" class="Tests\Feature\Http\Admin\Repositories\Builds\ShowAllTest" classname="Tests.Feature.Http.Admin.Repositories.Builds.ShowAllTest" file="/php/tests/Feature/Http/Admin/Repositories/Builds/ShowAllTest.php" line="62" assertions="1" time="0.079202"/>
        <testcase name="test_it_repository_not_found" class="Tests\Feature\Http\Admin\Repositories\Builds\ShowAllTest" classname="Tests.Feature.Http.Admin.Repositories.Builds.ShowAllTest" file="/php/tests/Feature/Http/Admin/Repositories/Builds/ShowAllTest.php" line="73" assertions="1" time="0.076513"/>
      </testsuite>
      <testsuite name="Tests\Feature\Http\Admin\Repositories\Builds\ShowTest" file="/php/tests/Feature/Http/Admin/Repositories/Builds/ShowTest.php" tests="3" assertions="47" errors="0" warnings="0" failures="0" skipped="0" time="0.300682">
        <testcase name="test_it_checks_non_admin_user" class="Tests\Feature\Http\Admin\Repositories\Builds\ShowTest" classname="Tests.Feature.Http.Admin.Repositories.Builds.ShowTest" file="/php/tests/Feature/Http/Admin/Repositories/Builds/ShowTest.php" line="15" assertions="1" time="0.085993"/>
        <testsuite name="Tests\Feature\Http\Admin\Repositories\Builds\ShowTest::test_it_can_get_build" tests="2" assertions="46" errors="0" warnings="0" failures="0" skipped="0" time="0.214689">
          <testcase name="test_it_can_get_build with data set #0" class="Tests\Feature\Http\Admin\Repositories\Builds\ShowTest" classname="Tests.Feature.Http.Admin.Repositories.Builds.ShowTest" file="/php/tests/Feature/Http/Admin/Repositories/Builds/ShowTest.php" line="29" assertions="23" time="0.103141"/>
          <testcase name="test_it_can_get_build with data set #1" class="Tests\Feature\Http\Admin\Repositories\Builds\ShowTest" classname="Tests.Feature.Http.Admin.Repositories.Builds.ShowTest" file="/php/tests/Feature/Http/Admin/Repositories/Builds/ShowTest.php" line="29" assertions="23" time="0.111548"/>
        </testsuite>
      </testsuite>
      <testsuite name="Tests\Feature\Http\Admin\Repositories\Runners\AssignTest" file="/php/tests/Feature/Http/Admin/Repositories/Runners/AssignTest.php" tests="2" assertions="18" errors="0" warnings="0" failures="0" skipped="0" time="0.196378">
        <testcase name="test_it_checks_non_admin_user" class="Tests\Feature\Http\Admin\Repositories\Runners\AssignTest" classname="Tests.Feature.Http.Admin.Repositories.Runners.AssignTest" file="/php/tests/Feature/Http/Admin/Repositories/Runners/AssignTest.php" line="15" assertions="1" time="0.101455"/>
[...]
        <testcase name="test_it_doesnt_processes_push_event_when_delete_branch" class="Tests\Feature\Http\Webhooks\GithubWebhookTest" classname="Tests.Feature.Http.Webhooks.GithubWebhookTest" file="/php/tests/Feature/Http/Webhooks/GithubWebhookTest.php" line="124" assertions="2" time="0.071439"/>
      </testsuite>
    </testsuite>
    <testsuite name="Integration" tests="51" assertions="189" errors="0" warnings="0" failures="0" skipped="0" time="5.403106">
      <testsuite name="Tests\Integration\Jobs\CI\CreateCommitStatusTest" file="/php/tests/Integration/Jobs/CI/CreateCommitStatusTest.php" tests="9" assertions="41" errors="0" warnings="0" failures="0" skipped="0" time="0.758619">
        <testsuite name="Tests\Integration\Jobs\CI\CreateCommitStatusTest::test_it_can_create_commit_status" tests="6" assertions="30" errors="0" warnings="0" failures="0" skipped="0" time="0.507443">
          <testcase name="test_it_can_create_commit_status with data set #0" class="Tests\Integration\Jobs\CI\CreateCommitStatusTest" classname="Tests.Integration.Jobs.CI.CreateCommitStatusTest" file="/php/tests/Integration/Jobs/CI/CreateCommitStatusTest.php" line="25" assertions="5" time="0.099317"/>
          <testcase name="test_it_can_create_commit_status with data set #1" class="Tests\Integration\Jobs\CI\CreateCommitStatusTest" classname="Tests.Integration.Jobs.CI.CreateCommitStatusTest" file="/php/tests/Integration/Jobs/CI/CreateCommitStatusTest.php" line="25" assertions="5" time="0.083114"/>
          <testcase name="test_it_can_create_commit_status with data set #2" class="Tests\Integration\Jobs\CI\CreateCommitStatusTest" classname="Tests.Integration.Jobs.CI.CreateCommitStatusTest" file="/php/tests/Integration/Jobs/CI/CreateCommitStatusTest.php" line="25" assertions="5" time="0.080937"/>
          <testcase name="test_it_can_create_commit_status with data set #3" class="Tests\Integration\Jobs\CI\CreateCommitStatusTest" classname="Tests.Integration.Jobs.CI.CreateCommitStatusTest" file="/php/tests/Integration/Jobs/CI/CreateCommitStatusTest.php" line="25" assertions="5" time="0.082779"/>
          <testcase name="test_it_can_create_commit_status with data set #4" class="Tests\Integration\Jobs\CI\CreateCommitStatusTest" classname="Tests.Integration.Jobs.CI.CreateCommitStatusTest" file="/php/tests/Integration/Jobs/CI/CreateCommitStatusTest.php" line="25" assertions="5" time="0.080704"/>
          <testcase name="test_it_can_create_commit_status with data set #5" class="Tests\Integration\Jobs\CI\CreateCommitStatusTest" classname="Tests.Integration.Jobs.CI.CreateCommitStatusTest" file="/php/tests/Integration/Jobs/CI/CreateCommitStatusTest.php" line="25" assertions="5" time="0.080593"/>
        </testsuite>
        <testcase name="test_it_can_create_force_commit_status" class="Tests\Integration\Jobs\CI\CreateCommitStatusTest" classname="Tests.Integration.Jobs.CI.CreateCommitStatusTest" file="/php/tests/Integration/Jobs/CI/CreateCommitStatusTest.php" line="55" assertions="5" time="0.081154"/>
        <testcase name="test_it_ignore_test_build" class="Tests\Integration\Jobs\CI\CreateCommitStatusTest" classname="Tests.Integration.Jobs.CI.CreateCommitStatusTest" file="/php/tests/Integration/Jobs/CI/CreateCommitStatusTest.php" line="85" assertions="1" time="0.085814"/>
        <testcase name="test_it_can_handle_references_for_commit_not_found_gitlab" class="Tests\Integration\Jobs\CI\CreateCommitStatusTest" classname="Tests.Integration.Jobs.CI.CreateCommitStatusTest" file="/php/tests/Integration/Jobs/CI/CreateCommitStatusTest.php" line="99" assertions="5" time="0.084208"/>
      </testsuite>
      <testsuite name="Tests\Integration\Jobs\CI\ProcessHookTest" file="/php/tests/Integration/Jobs/CI/ProcessHookTest.php" tests="6" assertions="60" errors="0" warnings="0" failures="0" skipped="0" time="0.756027">
        <testcase name="test_it_creates_build_for_webhook_event" class="Tests\Integration\Jobs\CI\ProcessHookTest" classname="Tests.Integration.Jobs.CI.ProcessHookTest" file="/php/tests/Integration/Jobs/CI/ProcessHookTest.php" line="52" assertions="13" time="0.191473"/>
        <testcase name="test_it_creates_build_for_webhook_event_and_skip_previous_build" class="Tests\Integration\Jobs\CI\ProcessHookTest" classname="Tests.Integration.Jobs.CI.ProcessHookTest" file="/php/tests/Integration/Jobs/CI/ProcessHookTest.php" line="121" assertions="13" time="0.166053"/>
        <testcase name="test_it_creates_test_build_when_trigger" class="Tests\Integration\Jobs\CI\ProcessHookTest" classname="Tests.Integration.Jobs.CI.ProcessHookTest" file="/php/tests/Integration/Jobs/CI/ProcessHookTest.php" line="188" assertions="9" time="0.159846"/>
        <testcase name="test_it_unauthorizes_github" class="Tests\Integration\Jobs\CI\ProcessHookTest" classname="Tests.Integration.Jobs.CI.ProcessHookTest" file="/php/tests/Integration/Jobs/CI/ProcessHookTest.php" line="264" assertions="8" time="0.081490"/>
        <testcase name="test_it_unauthorizes_sso_github" class="Tests\Integration\Jobs\CI\ProcessHookTest" classname="Tests.Integration.Jobs.CI.ProcessHookTest" file="/php/tests/Integration/Jobs/CI/ProcessHookTest.php" line="312" assertions="8" time="0.080963"/>
        <testcase name="test_it_can_send_notify_when_build_not_created" class="Tests\Integration\Jobs\CI\ProcessHookTest" classname="Tests.Integration.Jobs.CI.ProcessHookTest" file="/php/tests/Integration/Jobs/CI/ProcessHookTest.php" line="360" assertions="9" time="0.076201"/>
      </testsuite>
      <testsuite name="Tests\Integration\Jobs\CI\ProcessMemberHookTest" file="/php/tests/Integration/Jobs/CI/ProcessMemberHookTest.php" tests="6" assertions="9" errors="0" warnings="0" failures="0" skipped="0" time="0.475136">
        <testcase name="test_it_can_add_member_to_repository" class="Tests\Integration\Jobs\CI\ProcessMemberHookTest" classname="Tests.Integration.Jobs.CI.ProcessMemberHookTest" file="/php/tests/Integration/Jobs/CI/ProcessMemberHookTest.php" line="31" assertions="1" time="0.081316"/>
        <testcase name="test_it_can_update_member_for_repository" class="Tests\Integration\Jobs\CI\ProcessMemberHookTest" classname="Tests.Integration.Jobs.CI.ProcessMemberHookTest" file="/php/tests/Integration/Jobs/CI/ProcessMemberHookTest.php" line="63" assertions="2" time="0.076091"/>
        <testcase name="test_it_can_update_member_for_repository_and_member_is_old_admin_to_read_permission" class="Tests\Integration\Jobs\CI\ProcessMemberHookTest" classname="Tests.Integration.Jobs.CI.ProcessMemberHookTest" file="/php/tests/Integration/Jobs/CI/ProcessMemberHookTest.php" line="93" assertions="2" time="0.081058"/>
        <testcase name="test_it_can_removed_member_for_repository" class="Tests\Integration\Jobs\CI\ProcessMemberHookTest" classname="Tests.Integration.Jobs.CI.ProcessMemberHookTest" file="/php/tests/Integration/Jobs/CI/ProcessMemberHookTest.php" line="124" assertions="1" time="0.085776"/>
        <testcase name="test_it_can_removed_owner_repository_from_scm" class="Tests\Integration\Jobs\CI\ProcessMemberHookTest" classname="Tests.Integration.Jobs.CI.ProcessMemberHookTest" file="/php/tests/Integration/Jobs/CI/ProcessMemberHookTest.php" line="151" assertions="2" time="0.083431"/>
        <testcase name="test_it_ignore_invalid_action" class="Tests\Integration\Jobs\CI\ProcessMemberHookTest" classname="Tests.Integration.Jobs.CI.ProcessMemberHookTest" file="/php/tests/Integration/Jobs/CI/ProcessMemberHookTest.php" line="182" assertions="1" time="0.067465"/>
      </testsuite>
      <testsuite name="Tests\Integration\Jobs\CI\SkipPreviousBuildTest" file="/php/tests/Integration/Jobs/CI/SkipPreviousBuildTest.php" tests="12" assertions="12" errors="0" warnings="0" failures="0" skipped="0" time="1.021764">
        <testsuite name="Tests\Integration\Jobs\CI\SkipPreviousBuildTest::test_it_can_skip_build" tests="10" assertions="10" errors="0" warnings="0" failures="0" skipped="0" time="0.861438">
          <testcase name="test_it_can_skip_build with data set #0" class="Tests\Integration\Jobs\CI\SkipPreviousBuildTest" classname="Tests.Integration.Jobs.CI.SkipPreviousBuildTest" file="/php/tests/Integration/Jobs/CI/SkipPreviousBuildTest.php" line="29" assertions="1" time="0.076073"/>
          <testcase name="test_it_can_skip_build with data set #1" class="Tests\Integration\Jobs\CI\SkipPreviousBuildTest" classname="Tests.Integration.Jobs.CI.SkipPreviousBuildTest" file="/php/tests/Integration/Jobs/CI/SkipPreviousBuildTest.php" line="29" assertions="1" time="0.107701"/>
          <testcase name="test_it_can_skip_build with data set #2" class="Tests\Integration\Jobs\CI\SkipPreviousBuildTest" classname="Tests.Integration.Jobs.CI.SkipPreviousBuildTest" file="/php/tests/Integration/Jobs/CI/SkipPreviousBuildTest.php" line="29" assertions="1" time="0.077014"/>
          <testcase name="test_it_can_skip_build with data set #3" class="Tests\Integration\Jobs\CI\SkipPreviousBuildTest" classname="Tests.Integration.Jobs.CI.SkipPreviousBuildTest" file="/php/tests/Integration/Jobs/CI/SkipPreviousBuildTest.php" line="29" assertions="1" time="0.076814"/>
          <testcase name="test_it_can_skip_build with data set #4" class="Tests\Integration\Jobs\CI\SkipPreviousBuildTest" classname="Tests.Integration.Jobs.CI.SkipPreviousBuildTest" file="/php/tests/Integration/Jobs/CI/SkipPreviousBuildTest.php" line="29" assertions="1" time="0.079552"/>
          <testcase name="test_it_can_skip_build with data set #5" class="Tests\Integration\Jobs\CI\SkipPreviousBuildTest" classname="Tests.Integration.Jobs.CI.SkipPreviousBuildTest" file="/php/tests/Integration/Jobs/CI/SkipPreviousBuildTest.php" line="29" assertions="1" time="0.102472"/>
          <testcase name="test_it_can_skip_build with data set #6" class="Tests\Integration\Jobs\CI\SkipPreviousBuildTest" classname="Tests.Integration.Jobs.CI.SkipPreviousBuildTest" file="/php/tests/Integration/Jobs/CI/SkipPreviousBuildTest.php" line="29" assertions="1" time="0.108506"/>
          <testcase name="test_it_can_skip_build with data set #7" class="Tests\Integration\Jobs\CI\SkipPreviousBuildTest" classname="Tests.Integration.Jobs.CI.SkipPreviousBuildTest" file="/php/tests/Integration/Jobs/CI/SkipPreviousBuildTest.php" line="29" assertions="1" time="0.077257"/>
          <testcase name="test_it_can_skip_build with data set #8" class="Tests\Integration\Jobs\CI\SkipPreviousBuildTest" classname="Tests.Integration.Jobs.CI.SkipPreviousBuildTest" file="/php/tests/Integration/Jobs/CI/SkipPreviousBuildTest.php" line="29" assertions="1" time="0.077518"/>
          <testcase name="test_it_can_skip_build with data set #9" class="Tests\Integration\Jobs\CI\SkipPreviousBuildTest" classname="Tests.Integration.Jobs.CI.SkipPreviousBuildTest" file="/php/tests/Integration/Jobs/CI/SkipPreviousBuildTest.php" line="29" assertions="1" time="0.078530"/>
        </testsuite>
        <testcase name="test_it_can_skip_build_when_scm_malformed_and_customScm_have_value" class="Tests\Integration\Jobs\CI\SkipPreviousBuildTest" classname="Tests.Integration.Jobs.CI.SkipPreviousBuildTest" file="/php/tests/Integration/Jobs/CI/SkipPreviousBuildTest.php" line="38" assertions="1" time="0.081286"/>
        <testcase name="test_it_can_skip_build_when_scm_malformed_and_customScm_have_not_value" class="Tests\Integration\Jobs\CI\SkipPreviousBuildTest" classname="Tests.Integration.Jobs.CI.SkipPreviousBuildTest" file="/php/tests/Integration/Jobs/CI/SkipPreviousBuildTest.php" line="51" assertions="1" time="0.079041"/>
      </testsuite>
      <testsuite name="Tests\Integration\Jobs\GithubApp\HandleGithubAppCallBackTest" file="/php/tests/Integration/Jobs/GithubApp/HandleGithubAppCallBackTest.php" tests="2" assertions="20" errors="0" warnings="0" failures="0" skipped="0" time="0.404467">
        <testcase name="test_it_can_enable_ci_for_repositories_github_app_callback" class="Tests\Integration\Jobs\GithubApp\HandleGithubAppCallBackTest" classname="Tests.Integration.Jobs.GithubApp.HandleGithubAppCallBackTest" file="/php/tests/Integration/Jobs/GithubApp/HandleGithubAppCallBackTest.php" line="40" assertions="15" time="0.329006"/>
        <testcase name="test_it_can_update_token_repositories_github_app_callback" class="Tests\Integration\Jobs\GithubApp\HandleGithubAppCallBackTest" classname="Tests.Integration.Jobs.GithubApp.HandleGithubAppCallBackTest" file="/php/tests/Integration/Jobs/GithubApp/HandleGithubAppCallBackTest.php" line="80" assertions="5" time="0.075460"/>
      </testsuite>
      <testsuite name="Tests\Integration\Jobs\GithubApp\ProcessHookGithubAppTest" file="/php/tests/Integration/Jobs/GithubApp/ProcessHookGithubAppTest.php" tests="5" assertions="27" errors="0" warnings="0" failures="0" skipped="0" time="0.356015">
        <testcase name="test_it_can_add_new_repositories_github_app_hook" class="Tests\Integration\Jobs\GithubApp\ProcessHookGithubAppTest" classname="Tests.Integration.Jobs.GithubApp.ProcessHookGithubAppTest" file="/php/tests/Integration/Jobs/GithubApp/ProcessHookGithubAppTest.php" line="52" assertions="7" time="0.067170"/>
        <testcase name="test_it_can_update_token_repositories_github_app_hook" class="Tests\Integration\Jobs\GithubApp\ProcessHookGithubAppTest" classname="Tests.Integration.Jobs.GithubApp.ProcessHookGithubAppTest" file="/php/tests/Integration/Jobs/GithubApp/ProcessHookGithubAppTest.php" line="90" assertions="7" time="0.073026"/>
        <testsuite name="Tests\Integration\Jobs\GithubApp\ProcessHookGithubAppTest::test_it_can_remove_or_delete_repositories_github_app_hook" tests="2" assertions="9" errors="0" warnings="0" failures="0" skipped="0" time="0.159945">
          <testcase name="test_it_can_remove_or_delete_repositories_github_app_hook with data set #0" class="Tests\Integration\Jobs\GithubApp\ProcessHookGithubAppTest" classname="Tests.Integration.Jobs.GithubApp.ProcessHookGithubAppTest" file="/php/tests/Integration/Jobs/GithubApp/ProcessHookGithubAppTest.php" line="141" assertions="4" time="0.079036"/>
          <testcase name="test_it_can_remove_or_delete_repositories_github_app_hook with data set #1" class="Tests\Integration\Jobs\GithubApp\ProcessHookGithubAppTest" classname="Tests.Integration.Jobs.GithubApp.ProcessHookGithubAppTest" file="/php/tests/Integration/Jobs/GithubApp/ProcessHookGithubAppTest.php" line="141" assertions="5" time="0.080909"/>
        </testsuite>
        <testcase name="test_it_ignore_with_invalid_action" class="Tests\Integration\Jobs\GithubApp\ProcessHookGithubAppTest" classname="Tests.Integration.Jobs.GithubApp.ProcessHookGithubAppTest" file="/php/tests/Integration/Jobs/GithubApp/ProcessHookGithubAppTest.php" line="202" assertions="4" time="0.055874"/>
      </testsuite>
      <testsuite name="Tests\Integration\Jobs\CI\SaveLogToStorageTest" file="/php/tests/Integration/Jobs/Logs/SaveLogToStorageTest.php" tests="1" assertions="1" errors="0" warnings="0" failures="0" skipped="0" time="0.104749">
        <testcase name="test_it_can_save_log_to_storage" class="Tests\Integration\Jobs\CI\SaveLogToStorageTest" classname="Tests.Integration.Jobs.CI.SaveLogToStorageTest" file="/php/tests/Integration/Jobs/Logs/SaveLogToStorageTest.php" line="34" assertions="1" time="0.104749"/>
      </testsuite>
      <testsuite name="Tests\Integration\Jobs\Repositories\QueueNextJobsTest" file="/php/tests/Integration/Jobs/Repositories/QueueNextJobsTest.php" tests="1" assertions="1" errors="0" warnings="0" failures="0" skipped="0" time="0.086887">
        <testcase name="test_it_can_queue_next_jobs" class="Tests\Integration\Jobs\Repositories\QueueNextJobsTest" classname="Tests.Integration.Jobs.Repositories.QueueNextJobsTest" file="/php/tests/Integration/Jobs/Repositories/QueueNextJobsTest.php" line="27" assertions="1" time="0.086887"/>
      </testsuite>
      <testsuite name="Tests\Integration\Jobs\Repositories\SummaryBuildWeeklyTest" file="/php/tests/Integration/Jobs/Repositories/SummaryBuildWeeklyTest.php" tests="6" assertions="6" errors="0" warnings="0" failures="0" skipped="0" time="0.488057">
        <testsuite name="Tests\Integration\Jobs\Repositories\SummaryBuildWeeklyTest::test_it_can_send_mail_to_user" tests="5" assertions="5" errors="0" warnings="0" failures="0" skipped="0" time="0.426186">
          <testcase name="test_it_can_send_mail_to_user with data set #0" class="Tests\Integration\Jobs\Repositories\SummaryBuildWeeklyTest" classname="Tests.Integration.Jobs.Repositories.SummaryBuildWeeklyTest" file="/php/tests/Integration/Jobs/Repositories/SummaryBuildWeeklyTest.php" line="31" assertions="1" time="0.086231"/>
          <testcase name="test_it_can_send_mail_to_user with data set #1" class="Tests\Integration\Jobs\Repositories\SummaryBuildWeeklyTest" classname="Tests.Integration.Jobs.Repositories.SummaryBuildWeeklyTest" file="/php/tests/Integration/Jobs/Repositories/SummaryBuildWeeklyTest.php" line="31" assertions="1" time="0.092814"/>
          <testcase name="test_it_can_send_mail_to_user with data set #2" class="Tests\Integration\Jobs\Repositories\SummaryBuildWeeklyTest" classname="Tests.Integration.Jobs.Repositories.SummaryBuildWeeklyTest" file="/php/tests/Integration/Jobs/Repositories/SummaryBuildWeeklyTest.php" line="31" assertions="1" time="0.079907"/>
          <testcase name="test_it_can_send_mail_to_user with data set #3" class="Tests\Integration\Jobs\Repositories\SummaryBuildWeeklyTest" classname="Tests.Integration.Jobs.Repositories.SummaryBuildWeeklyTest" file="/php/tests/Integration/Jobs/Repositories/SummaryBuildWeeklyTest.php" line="31" assertions="1" time="0.095628"/>
          <testcase name="test_it_can_send_mail_to_user with data set #4" class="Tests\Integration\Jobs\Repositories\SummaryBuildWeeklyTest" classname="Tests.Integration.Jobs.Repositories.SummaryBuildWeeklyTest" file="/php/tests/Integration/Jobs/Repositories/SummaryBuildWeeklyTest.php" line="31" assertions="1" time="0.071605"/>
        </testsuite>
        <testcase name="test_it_not_send_mail_to_user_when_repositories_are_empty" class="Tests\Integration\Jobs\Repositories\SummaryBuildWeeklyTest" classname="Tests.Integration.Jobs.Repositories.SummaryBuildWeeklyTest" file="/php/tests/Integration/Jobs/Repositories/SummaryBuildWeeklyTest.php" line="48" assertions="1" time="0.061871"/>
      </testsuite>
      <testsuite name="Tests\Integration\Jobs\Repositories\UpdateMemberTest" file="/php/tests/Integration/Jobs/Repositories/UpdateMemberTest.php" tests="1" assertions="6" errors="0" warnings="0" failures="0" skipped="0" time="0.071298">
        <testcase name="test_it_can_update_permissions_for_members_of_repository" class="Tests\Integration\Jobs\Repositories\UpdateMemberTest" classname="Tests.Integration.Jobs.Repositories.UpdateMemberTest" file="/php/tests/Integration/Jobs/Repositories/UpdateMemberTest.php" line="30" assertions="6" time="0.071298"/>
      </testsuite>
      <testsuite name="Tests\Integration\Jobs\Webhooks\TriggerWebhookTest" file="/php/tests/Integration/Jobs/Webhooks/TriggerWebhookTest.php" tests="2" assertions="6" errors="0" warnings="0" failures="0" skipped="0" time="0.880087">
        <testcase name="test_it_send_request_to_webhook_of_repository_and_store_webhook_executed_history" class="Tests\Integration\Jobs\Webhooks\TriggerWebhookTest" classname="Tests.Integration.Jobs.Webhooks.TriggerWebhookTest" file="/php/tests/Integration/Jobs/Webhooks/TriggerWebhookTest.php" line="20" assertions="3" time="0.445212"/>
        <testcase name="test_it_throw_exception_and_store_error_payload" class="Tests\Integration\Jobs\Webhooks\TriggerWebhookTest" classname="Tests.Integration.Jobs.Webhooks.TriggerWebhookTest" file="/php/tests/Integration/Jobs/Webhooks/TriggerWebhookTest.php" line="54" assertions="3" time="0.434876"/>
      </testsuite>
    </testsuite>
  </testsuite>
</testsuites>
